<?xml version="1.0" encoding="UTF-8" ?>
<testsuite tests="4" failures="0" name="com.taotao.httpclient.HttpClientTest" time="6.289" errors="2" skipped="0">
  <properties>
[...]
</properties>
  <testcase classname="com.taotao.httpclient.HttpClientTest" name="doPost" time="2.711">
    <error message="Connect to localhost:8082 [localhost/127.0.0.1, localhost/0:0:0:0:0:0:0:1] failed: Connection refused: connect" type="org.apache.http.conn.HttpHostConnectException">org.apache.http.conn.HttpHostConnectException: Connect to localhost:8082 [localhost/127.0.0.1, localhost/0:0:0:0:0:0:0:1] failed: Connection refused: connect
	at org.apache.http.impl.conn.HttpClientConnectionOperator.connect(HttpClientConnectionOperator.java:140)
	at org.apache.http.impl.conn.PoolingHttpClientConnectionManager.connect(PoolingHttpClientConnectionManager.java:318)
	at org.apache.http.impl.execchain.MainClientExec.establishRoute(MainClientExec.java:363)
	at org.apache.http.impl.execchain.MainClientExec.execute(MainClientExec.java:219)
	at org.apache.http.impl.execchain.ProtocolExec.execute(ProtocolExec.java:195)
	at org.apache.http.impl.execchain.RetryExec.execute(RetryExec.java:86)
	at org.apache.http.impl.execchain.RedirectExec.execute(RedirectExec.java:108)
	at org.apache.http.impl.client.InternalHttpClient.doExecute(InternalHttpClient.java:184)
	at org.apache.http.impl.client.CloseableHttpClient.execute(CloseableHttpClient.java:82)
	at org.apache.http.impl.client.CloseableHttpClient.execute(CloseableHttpClient.java:106)
	at com.taotao.httpclient.HttpClientTest.doPost(HttpClientTest.java:69)
	at sun.reflect.NativeMethodAccessorImpl.invoke0(Native Method)
	at sun.reflect.NativeMethodAccessorImpl.invoke(NativeMethodAccessorImpl.java:62)
	at sun.reflect.DelegatingMethodAccessorImpl.invoke(DelegatingMethodAccessorImpl.java:43)
	at java.lang.reflect.Method.invoke(Method.java:498)
	at org.junit.runners.model.FrameworkMethod$1.runReflectiveCall(FrameworkMethod.java:50)
	at org.junit.internal.runners.model.ReflectiveCallable.run(ReflectiveCallable.java:12)
	at org.junit.runners.model.FrameworkMethod.invokeExplosively(FrameworkMethod.java:47)
	at org.junit.internal.runners.statements.InvokeMethod.evaluate(InvokeMethod.java:17)
	at org.junit.runners.ParentRunner.runLeaf(ParentRunner.java:325)
	at org.junit.runners.BlockJUnit4ClassRunner.runChild(BlockJUnit4ClassRunner.java:78)
	at org.junit.runners.BlockJUnit4ClassRunner.runChild(BlockJUnit4ClassRunner.java:57)
	at org.junit.runners.ParentRunner$3.run(ParentRunner.java:290)
	at org.junit.runners.ParentRunner$1.schedule(ParentRunner.java:71)
	at org.junit.runners.ParentRunner.runChildren(ParentRunner.java:288)
	at org.junit.runners.ParentRunner.access$000(ParentRunner.java:58)
	at org.junit.runners.ParentRunner$2.evaluate(ParentRunner.java:268)
	at org.junit.runners.ParentRunner.run(ParentRunner.java:363)
	at org.apache.maven.surefire.junit4.JUnit4Provider.execute(JUnit4Provider.java:252)
	at org.apache.maven.surefire.junit4.JUnit4Provider.executeTestSet(JUnit4Provider.java:141)
	at org.apache.maven.surefire.junit4.JUnit4Provider.invoke(JUnit4Provider.java:112)
	at sun.reflect.NativeMethodAccessorImpl.invoke0(Native Method)
	at sun.reflect.NativeMethodAccessorImpl.invoke(NativeMethodAccessorImpl.java:62)
	at sun.reflect.DelegatingMethodAccessorImpl.invoke(DelegatingMethodAccessorImpl.java:43)
	at java.lang.reflect.Method.invoke(Method.java:498)
	at org.apache.maven.surefire.util.ReflectionUtils.invokeMethodWithArray(ReflectionUtils.java:189)
	at org.apache.maven.surefire.booter.ProviderFactory$ProviderProxy.invoke(ProviderFactory.java:165)
	at org.apache.maven.surefire.booter.ProviderFactory.invokeProvider(ProviderFactory.java:85)
	at org.apache.maven.surefire.booter.ForkedBooter.runSuitesInProcess(ForkedBooter.java:115)
	at org.apache.maven.surefire.booter.ForkedBooter.main(ForkedBooter.java:75)
Caused by: java.net.ConnectException: Connection refused: connect
	at java.net.DualStackPlainSocketImpl.connect0(Native Method)
	at java.net.DualStackPlainSocketImpl.socketConnect(DualStackPlainSocketImpl.java:79)
	at java.net.AbstractPlainSocketImpl.doConnect(AbstractPlainSocketImpl.java:350)
	at java.net.AbstractPlainSocketImpl.connectToAddress(AbstractPlainSocketImpl.java:206)
	at java.net.AbstractPlainSocketImpl.connect(AbstractPlainSocketImpl.java:188)
	at java.net.PlainSocketImpl.connect(PlainSocketImpl.java:172)
	at java.net.SocksSocketImpl.connect(SocksSocketImpl.java:392)
	at java.net.Socket.connect(Socket.java:589)
	at org.apache.http.conn.socket.PlainConnectionSocketFactory.connectSocket(PlainConnectionSocketFactory.java:72)
	at org.apache.http.impl.conn.HttpClientConnectionOperator.connect(HttpClientConnectionOperator.java:123)
	... 39 more
</error>
    <system-out>2019-06-17 20:31:37,143 [main] [org.apache.http.client.protocol.RequestAddCookies]-[DEBUG] CookieSpec selected: best-match
2019-06-17 20:31:37,153 [main] [org.apache.http.client.protocol.RequestAuthCache]-[DEBUG] Auth cache not set in the context
2019-06-17 20:31:37,155 [main] [org.apache.http.impl.conn.PoolingHttpClientConnectionManager]-[DEBUG] Connection request: [route: {}-&gt;http://localhost:8082][total kept alive: 0; route allocated: 0 of 2; total allocated: 0 of 20]
2019-06-17 20:31:37,169 [main] [org.apache.http.impl.conn.PoolingHttpClientConnectionManager]-[DEBUG] Connection leased: [id: 0][route: {}-&gt;http://localhost:8082][total kept alive: 0; route allocated: 1 of 2; total allocated: 1 of 20]
2019-06-17 20:31:37,171 [main] [org.apache.http.impl.execchain.MainClientExec]-[DEBUG] Opening connection {}-&gt;http://localhost:8082
2019-06-17 20:31:37,180 [main] [org.apache.http.impl.conn.HttpClientConnectionOperator]-[DEBUG] Connecting to localhost/127.0.0.1:8082
2019-06-17 20:31:38,183 [main] [org.apache.http.impl.conn.HttpClientConnectionOperator]-[DEBUG] Connect to localhost/127.0.0.1:8082 timed out. Connection will be retried using another IP address
2019-06-17 20:31:38,184 [main] [org.apache.http.impl.conn.HttpClientConnectionOperator]-[DEBUG] Connecting to localhost/0:0:0:0:0:0:0:1:8082
2019-06-17 20:31:39,186 [main] [org.apache.http.impl.conn.DefaultManagedHttpClientConnection]-[DEBUG] http-outgoing-0: Shutdown connection
2019-06-17 20:31:39,186 [main] [org.apache.http.impl.execchain.MainClientExec]-[DEBUG] Connection discarded
2019-06-17 20:31:39,187 [main] [org.apache.http.impl.conn.DefaultManagedHttpClientConnection]-[DEBUG] http-outgoing-0: Close connection
2019-06-17 20:31:39,187 [main] [org.apache.http.impl.conn.PoolingHttpClientConnectionManager]-[DEBUG] Connection released: [id: 0][route: {}-&gt;http://localhost:8082][total kept alive: 0; route allocated: 0 of 2; total allocated: 0 of 20]
</system-out>
  </testcase>
  <testcase classname="com.taotao.httpclient.HttpClientTest" name="doGetWithParam" time="0.584"/>
  <testcase classname="com.taotao.httpclient.HttpClientTest" name="doGet" time="1.006"/>
  <testcase classname="com.taotao.httpclient.HttpClientTest" name="doPostWithParam" time="1.988">
    <error message="Connect to localhost:8082 [localhost/127.0.0.1, localhost/0:0:0:0:0:0:0:1] failed: Connection refused: connect" type="org.apache.http.conn.HttpHostConnectException">org.apache.http.conn.HttpHostConnectException: Connect to localhost:8082 [localhost/127.0.0.1, localhost/0:0:0:0:0:0:0:1] failed: Connection refused: connect
	at org.apache.http.impl.conn.HttpClientConnectionOperator.connect(HttpClientConnectionOperator.java:140)
	at org.apache.http.impl.conn.PoolingHttpClientConnectionManager.connect(PoolingHttpClientConnectionManager.java:318)
	at org.apache.http.impl.execchain.MainClientExec.establishRoute(MainClientExec.java:363)
	at org.apache.http.impl.execchain.MainClientExec.execute(MainClientExec.java:219)
	at org.apache.http.impl.execchain.ProtocolExec.execute(ProtocolExec.java:195)
	at org.apache.http.impl.execchain.RetryExec.execute(RetryExec.java:86)
	at org.apache.http.impl.execchain.RedirectExec.execute(RedirectExec.java:108)
	at org.apache.http.impl.client.InternalHttpClient.doExecute(InternalHttpClient.java:184)
	at org.apache.http.impl.client.CloseableHttpClient.execute(CloseableHttpClient.java:82)
	at org.apache.http.impl.client.CloseableHttpClient.execute(CloseableHttpClient.java:106)
	at com.taotao.httpclient.HttpClientTest.doPostWithParam(HttpClientTest.java:93)
	at sun.reflect.NativeMethodAccessorImpl.invoke0(Native Method)
	at sun.reflect.NativeMethodAccessorImpl.invoke(NativeMethodAccessorImpl.java:62)
	at sun.reflect.DelegatingMethodAccessorImpl.invoke(DelegatingMethodAccessorImpl.java:43)
	at java.lang.reflect.Method.invoke(Method.java:498)
	at org.junit.runners.model.FrameworkMethod$1.runReflectiveCall(FrameworkMethod.java:50)
	at org.junit.internal.runners.model.ReflectiveCallable.run(ReflectiveCallable.java:12)
	at org.junit.runners.model.FrameworkMethod.invokeExplosively(FrameworkMethod.java:47)
	at org.junit.internal.runners.statements.InvokeMethod.evaluate(InvokeMethod.java:17)
	at org.junit.runners.ParentRunner.runLeaf(ParentRunner.java:325)
	at org.junit.runners.BlockJUnit4ClassRunner.runChild(BlockJUnit4ClassRunner.java:78)
	at org.junit.runners.BlockJUnit4ClassRunner.runChild(BlockJUnit4ClassRunner.java:57)
	at org.junit.runners.ParentRunner$3.run(ParentRunner.java:290)
	at org.junit.runners.ParentRunner$1.schedule(ParentRunner.java:71)
	at org.junit.runners.ParentRunner.runChildren(ParentRunner.java:288)
	at org.junit.runners.ParentRunner.access$000(ParentRunner.java:58)
	at org.junit.runners.ParentRunner$2.evaluate(ParentRunner.java:268)
	at org.junit.runners.ParentRunner.run(ParentRunner.java:363)
	at org.apache.maven.surefire.junit4.JUnit4Provider.execute(JUnit4Provider.java:252)
	at org.apache.maven.surefire.junit4.JUnit4Provider.executeTestSet(JUnit4Provider.java:141)
	at org.apache.maven.surefire.junit4.JUnit4Provider.invoke(JUnit4Provider.java:112)
	at sun.reflect.NativeMethodAccessorImpl.invoke0(Native Method)
	at sun.reflect.NativeMethodAccessorImpl.invoke(NativeMethodAccessorImpl.java:62)
	at sun.reflect.DelegatingMethodAccessorImpl.invoke(DelegatingMethodAccessorImpl.java:43)
	at java.lang.reflect.Method.invoke(Method.java:498)
	at org.apache.maven.surefire.util.ReflectionUtils.invokeMethodWithArray(ReflectionUtils.java:189)
	at org.apache.maven.surefire.booter.ProviderFactory$ProviderProxy.invoke(ProviderFactory.java:165)
	at org.apache.maven.surefire.booter.ProviderFactory.invokeProvider(ProviderFactory.java:85)
	at org.apache.maven.surefire.booter.ForkedBooter.runSuitesInProcess(ForkedBooter.java:115)
	at org.apache.maven.surefire.booter.ForkedBooter.main(ForkedBooter.java:75)
Caused by: java.net.ConnectException: Connection refused: connect
	at java.net.DualStackPlainSocketImpl.connect0(Native Method)
	at java.net.DualStackPlainSocketImpl.socketConnect(DualStackPlainSocketImpl.java:79)
	at java.net.AbstractPlainSocketImpl.doConnect(AbstractPlainSocketImpl.java:350)
	at java.net.AbstractPlainSocketImpl.connectToAddress(AbstractPlainSocketImpl.java:206)
	at java.net.AbstractPlainSocketImpl.connect(AbstractPlainSocketImpl.java:188)
	at java.net.PlainSocketImpl.connect(PlainSocketImpl.java:172)
	at java.net.SocksSocketImpl.connect(SocksSocketImpl.java:392)
	at java.net.Socket.connect(Socket.java:589)
	at org.apache.http.conn.socket.PlainConnectionSocketFactory.connectSocket(PlainConnectionSocketFactory.java:72)
	at org.apache.http.impl.conn.HttpClientConnectionOperator.connect(HttpClientConnectionOperator.java:123)
	... 39 more
</error>
    <system-out>2019-06-17 20:31:40,780 [main] [org.apache.http.client.protocol.RequestAddCookies]-[DEBUG] CookieSpec selected: best-match
2019-06-17 20:31:40,780 [main] [org.apache.http.client.protocol.RequestAuthCache]-[DEBUG] Auth cache not set in the context
2019-06-17 20:31:40,781 [main] [org.apache.http.impl.conn.PoolingHttpClientConnectionManager]-[DEBUG] Connection request: [route: {}-&gt;http://localhost:8082][total kept alive: 0; route allocated: 0 of 2; total allocated: 0 of 20]
2019-06-17 20:31:40,781 [main] [org.apache.http.impl.conn.PoolingHttpClientConnectionManager]-[DEBUG] Connection leased: [id: 4][route: {}-&gt;http://localhost:8082][total kept alive: 0; route allocated: 1 of 2; total allocated: 1 of 20]
2019-06-17 20:31:40,781 [main] [org.apache.http.impl.execchain.MainClientExec]-[DEBUG] Opening connection {}-&gt;http://localhost:8082
2019-06-17 20:31:40,782 [main] [org.apache.http.impl.conn.HttpClientConnectionOperator]-[DEBUG] Connecting to localhost/127.0.0.1:8082
2019-06-17 20:31:41,784 [main] [org.apache.http.impl.conn.HttpClientConnectionOperator]-[DEBUG] Connect to localhost/127.0.0.1:8082 timed out. Connection will be retried using another IP address
2019-06-17 20:31:41,785 [main] [org.apache.http.impl.conn.HttpClientConnectionOperator]-[DEBUG] Connecting to localhost/0:0:0:0:0:0:0:1:8082
2019-06-17 20:31:42,786 [main] [org.apache.http.impl.conn.DefaultManagedHttpClientConnection]-[DEBUG] http-outgoing-4: Shutdown connection
2019-06-17 20:31:42,786 [main] [org.apache.http.impl.execchain.MainClientExec]-[DEBUG] Connection discarded
2019-06-17 20:31:42,786 [main] [org.apache.http.impl.conn.DefaultManagedHttpClientConnection]-[DEBUG] http-outgoing-4: Close connection
2019-06-17 20:31:42,786 [main] [org.apache.http.impl.conn.PoolingHttpClientConnectionManager]-[DEBUG] Connection released: [id: 4][route: {}-&gt;http://localhost:8082][total kept alive: 0; route allocated: 0 of 2; total allocated: 0 of 20]
</system-out>
  </testcase>
</testsuite>