<?xml version="1.0" encoding="UTF-8" ?>
<testsuite tests="5" failures="0" name="com.taotao.rest.jedis.JedisTest" time="25.484" errors="2" skipped="0">
  <properties>
[...]
</properties>
  <testcase classname="com.taotao.rest.jedis.JedisTest" name="testJedisCluster" time="18.297">
    <error message="no reachable node in cluster" type="redis.clients.jedis.exceptions.JedisConnectionException">redis.clients.jedis.exceptions.JedisConnectionException: no reachable node in cluster
	at redis.clients.jedis.JedisSlotBasedConnectionHandler.getConnection(JedisSlotBasedConnectionHandler.java:48)
	at redis.clients.jedis.JedisClusterCommand.runWithRetries(JedisClusterCommand.java:50)
	at redis.clients.jedis.JedisClusterCommand.runWithRetries(JedisClusterCommand.java:67)
	at redis.clients.jedis.JedisClusterCommand.run(JedisClusterCommand.java:29)
	at redis.clients.jedis.JedisCluster.set(JedisCluster.java:70)
	at com.taotao.rest.jedis.JedisTest.testJedisCluster(JedisTest.java:61)
	at sun.reflect.NativeMethodAccessorImpl.invoke0(Native Method)
	at sun.reflect.NativeMethodAccessorImpl.invoke(NativeMethodAccessorImpl.java:62)
	at sun.reflect.DelegatingMethodAccessorImpl.invoke(DelegatingMethodAccessorImpl.java:43)
	at java.lang.reflect.Method.invoke(Method.java:498)
	at org.junit.runners.model.FrameworkMethod$1.runReflectiveCall(FrameworkMethod.java:50)
	at org.junit.internal.runners.model.ReflectiveCallable.run(ReflectiveCallable.java:12)
	at org.junit.runners.model.FrameworkMethod.invokeExplosively(FrameworkMethod.java:47)
	at org.junit.internal.runners.statements.InvokeMethod.evaluate(InvokeMethod.java:17)
	at org.junit.runners.ParentRunner.runLeaf(ParentRunner.java:325)
	at org.junit.runners.BlockJUnit4ClassRunner.runChild(BlockJUnit4ClassRunner.java:78)
	at org.junit.runners.BlockJUnit4ClassRunner.runChild(BlockJUnit4ClassRunner.java:57)
	at org.junit.runners.ParentRunner$3.run(ParentRunner.java:290)
	at org.junit.runners.ParentRunner$1.schedule(ParentRunner.java:71)
	at org.junit.runners.ParentRunner.runChildren(ParentRunner.java:288)
	at org.junit.runners.ParentRunner.access$000(ParentRunner.java:58)
	at org.junit.runners.ParentRunner$2.evaluate(ParentRunner.java:268)
	at org.junit.runners.ParentRunner.run(ParentRunner.java:363)
	at org.apache.maven.surefire.junit4.JUnit4Provider.execute(JUnit4Provider.java:252)
	at org.apache.maven.surefire.junit4.JUnit4Provider.executeTestSet(JUnit4Provider.java:141)
	at org.apache.maven.surefire.junit4.JUnit4Provider.invoke(JUnit4Provider.java:112)
	at sun.reflect.NativeMethodAccessorImpl.invoke0(Native Method)
	at sun.reflect.NativeMethodAccessorImpl.invoke(NativeMethodAccessorImpl.java:62)
	at sun.reflect.DelegatingMethodAccessorImpl.invoke(DelegatingMethodAccessorImpl.java:43)
	at java.lang.reflect.Method.invoke(Method.java:498)
	at org.apache.maven.surefire.util.ReflectionUtils.invokeMethodWithArray(ReflectionUtils.java:189)
	at org.apache.maven.surefire.booter.ProviderFactory$ProviderProxy.invoke(ProviderFactory.java:165)
	at org.apache.maven.surefire.booter.ProviderFactory.invokeProvider(ProviderFactory.java:85)
	at org.apache.maven.surefire.booter.ForkedBooter.runSuitesInProcess(ForkedBooter.java:115)
	at org.apache.maven.surefire.booter.ForkedBooter.main(ForkedBooter.java:75)
</error>
  </testcase>
  <testcase classname="com.taotao.rest.jedis.JedisTest" name="testJedisSingle" time="0.001"/>
  <testcase classname="com.taotao.rest.jedis.JedisTest" name="testSpringJedisSingle" time="5.409"/>
  <testcase classname="com.taotao.rest.jedis.JedisTest" name="testJedisPool" time="0.012"/>
  <testcase classname="com.taotao.rest.jedis.JedisTest" name="testSpringJedisCluster" time="1.765">
    <error message="redis.clients.jedis.JedisPool cannot be cast to redis.clients.jedis.JedisCluster" type="java.lang.ClassCastException">java.lang.ClassCastException: redis.clients.jedis.JedisPool cannot be cast to redis.clients.jedis.JedisCluster
	at com.taotao.rest.jedis.JedisTest.testSpringJedisCluster(JedisTest.java:87)
	at sun.reflect.NativeMethodAccessorImpl.invoke0(Native Method)
	at sun.reflect.NativeMethodAccessorImpl.invoke(NativeMethodAccessorImpl.java:62)
	at sun.reflect.DelegatingMethodAccessorImpl.invoke(DelegatingMethodAccessorImpl.java:43)
	at java.lang.reflect.Method.invoke(Method.java:498)
	at org.junit.runners.model.FrameworkMethod$1.runReflectiveCall(FrameworkMethod.java:50)
	at org.junit.internal.runners.model.ReflectiveCallable.run(ReflectiveCallable.java:12)
	at org.junit.runners.model.FrameworkMethod.invokeExplosively(FrameworkMethod.java:47)
	at org.junit.internal.runners.statements.InvokeMethod.evaluate(InvokeMethod.java:17)
	at org.junit.runners.ParentRunner.runLeaf(ParentRunner.java:325)
	at org.junit.runners.BlockJUnit4ClassRunner.runChild(BlockJUnit4ClassRunner.java:78)
	at org.junit.runners.BlockJUnit4ClassRunner.runChild(BlockJUnit4ClassRunner.java:57)
	at org.junit.runners.ParentRunner$3.run(ParentRunner.java:290)
	at org.junit.runners.ParentRunner$1.schedule(ParentRunner.java:71)
	at org.junit.runners.ParentRunner.runChildren(ParentRunner.java:288)
	at org.junit.runners.ParentRunner.access$000(ParentRunner.java:58)
	at org.junit.runners.ParentRunner$2.evaluate(ParentRunner.java:268)
	at org.junit.runners.ParentRunner.run(ParentRunner.java:363)
	at org.apache.maven.surefire.junit4.JUnit4Provider.execute(JUnit4Provider.java:252)
	at org.apache.maven.surefire.junit4.JUnit4Provider.executeTestSet(JUnit4Provider.java:141)
	at org.apache.maven.surefire.junit4.JUnit4Provider.invoke(JUnit4Provider.java:112)
	at sun.reflect.NativeMethodAccessorImpl.invoke0(Native Method)
	at sun.reflect.NativeMethodAccessorImpl.invoke(NativeMethodAccessorImpl.java:62)
	at sun.reflect.DelegatingMethodAccessorImpl.invoke(DelegatingMethodAccessorImpl.java:43)
	at java.lang.reflect.Method.invoke(Method.java:498)
	at org.apache.maven.surefire.util.ReflectionUtils.invokeMethodWithArray(ReflectionUtils.java:189)
	at org.apache.maven.surefire.booter.ProviderFactory$ProviderProxy.invoke(ProviderFactory.java:165)
	at org.apache.maven.surefire.booter.ProviderFactory.invokeProvider(ProviderFactory.java:85)
	at org.apache.maven.surefire.booter.ForkedBooter.runSuitesInProcess(ForkedBooter.java:115)
	at org.apache.maven.surefire.booter.ForkedBooter.main(ForkedBooter.java:75)
</error>
    <system-out>2019-06-17 20:36:19,308 [main] [org.springframework.core.env.StandardEnvironment]-[DEBUG] Adding [systemProperties] PropertySource with lowest search precedence
2019-06-17 20:36:19,308 [main] [org.springframework.core.env.StandardEnvironment]-[DEBUG] Adding [systemEnvironment] PropertySource with lowest search precedence
2019-06-17 20:36:19,308 [main] [org.springframework.core.env.StandardEnvironment]-[DEBUG] Initialized StandardEnvironment with PropertySources [systemProperties,systemEnvironment]
2019-06-17 20:36:19,308 [main] [org.springframework.context.support.ClassPathXmlApplicationContext]-[INFO] Refreshing org.springframework.context.support.ClassPathXmlApplicationContext@3daf7722: startup date [Mon Jun 17 20:36:19 CST 2019]; root of context hierarchy
2019-06-17 20:36:19,309 [main] [org.springframework.core.env.StandardEnvironment]-[DEBUG] Adding [systemProperties] PropertySource with lowest search precedence
2019-06-17 20:36:19,309 [main] [org.springframework.core.env.StandardEnvironment]-[DEBUG] Adding [systemEnvironment] PropertySource with lowest search precedence
2019-06-17 20:36:19,309 [main] [org.springframework.core.env.StandardEnvironment]-[DEBUG] Initialized StandardEnvironment with PropertySources [systemProperties,systemEnvironment]
2019-06-17 20:36:19,310 [main] [org.springframework.core.io.support.PathMatchingResourcePatternResolver]-[DEBUG] Looking for matching resources in directory tree [D:\����ssm�������̳�\taotao-rest\target\classes\spring]
2019-06-17 20:36:19,310 [main] [org.springframework.core.io.support.PathMatchingResourcePatternResolver]-[DEBUG] Searching directory [D:\����ssm�������̳�\taotao-rest\target\classes\spring] for files matching pattern [D:/����ssm�������̳�/taotao-rest/target/classes/spring/applicationContext-*.xml]
2019-06-17 20:36:19,311 [main] [org.springframework.core.io.support.PathMatchingResourcePatternResolver]-[DEBUG] Resolved location pattern [classpath:spring/applicationContext-*.xml] to resources [file [D:\����ssm�������̳�\taotao-rest\target\classes\spring\applicationContext-dao.xml], file [D:\����ssm�������̳�\taotao-rest\target\classes\spring\applicationContext-jedis.xml], file [D:\����ssm�������̳�\taotao-rest\target\classes\spring\applicationContext-service.xml], file [D:\����ssm�������̳�\taotao-rest\target\classes\spring\applicationContext-trans.xml]]
2019-06-17 20:36:19,311 [main] [org.springframework.beans.factory.xml.XmlBeanDefinitionReader]-[INFO] Loading XML bean definitions from file [D:\����ssm�������̳�\taotao-rest\target\classes\spring\applicationContext-dao.xml]
2019-06-17 20:36:19,313 [main] [org.springframework.beans.factory.xml.DefaultDocumentLoader]-[DEBUG] Using JAXP provider [com.sun.org.apache.xerces.internal.jaxp.DocumentBuilderFactoryImpl]
2019-06-17 20:36:19,314 [main] [org.springframework.beans.factory.xml.PluggableSchemaResolver]-[DEBUG] Loading schema mappings from [META-INF/spring.schemas]
2019-06-17 20:36:19,322 [main] [org.springframework.beans.factory.xml.PluggableSchemaResolver]-[DEBUG] Loaded schema mappings: {http://www.springframework.org/schema/tx/spring-tx-2.5.xsd=org/springframework/transaction/config/spring-tx-2.5.xsd, http://www.springframework.org/schema/aop/spring-aop-4.1.xsd=org/springframework/aop/config/spring-aop-4.1.xsd, http://www.springframework.org/schema/context/spring-context-3.1.xsd=org/springframework/context/config/spring-context-3.1.xsd, http://www.springframework.org/schema/jdbc/spring-jdbc-4.1.xsd=org/springframework/jdbc/config/spring-jdbc-4.1.xsd, http://www.springframework.org/schema/mvc/spring-mvc-4.1.xsd=org/springframework/web/servlet/config/spring-mvc-4.1.xsd, http://www.springframework.org/schema/util/spring-util-3.0.xsd=org/springframework/beans/factory/xml/spring-util-3.0.xsd, http://www.springframework.org/schema/tool/spring-tool.xsd=org/springframework/beans/factory/xml/spring-tool-4.1.xsd, http://www.springframework.org/schema/aop/spring-aop-3.2.xsd=org/springframework/aop/config/spring-aop-3.2.xsd, http://mybatis.org/schema/mybatis-spring-1.2.xsd=org/mybatis/spring/config/mybatis-spring-1.2.xsd, http://www.springframework.org/schema/lang/spring-lang-4.1.xsd=org/springframework/scripting/config/spring-lang-4.1.xsd, http://www.springframework.org/schema/context/spring-context-4.0.xsd=org/springframework/context/config/spring-context-4.0.xsd, http://www.springframework.org/schema/mvc/spring-mvc-3.2.xsd=org/springframework/web/servlet/config/spring-mvc-3.2.xsd, http://www.springframework.org/schema/tool/spring-tool-4.1.xsd=org/springframework/beans/factory/xml/spring-tool-4.1.xsd, http://www.springframework.org/schema/lang/spring-lang-3.2.xsd=org/springframework/scripting/config/spring-lang-3.2.xsd, http://www.springframework.org/schema/cache/spring-cache-3.2.xsd=org/springframework/cache/config/spring-cache-3.2.xsd, http://www.springframework.org/schema/jee/spring-jee-4.1.xsd=org/springframework/ejb/config/spring-jee-4.1.xsd, http://www.springframework.org/schema/jdbc/spring-jdbc-3.1.xsd=org/springframework/jdbc/config/spring-jdbc-3.1.xsd, http://www.springframework.org/schema/util/spring-util-2.0.xsd=org/springframework/beans/factory/xml/spring-util-2.0.xsd, http://www.springframework.org/schema/tool/spring-tool-3.2.xsd=org/springframework/beans/factory/xml/spring-tool-3.2.xsd, http://www.springframework.org/schema/context/spring-context.xsd=org/springframework/context/config/spring-context-4.1.xsd, http://www.springframework.org/schema/cache/spring-cache-4.1.xsd=org/springframework/cache/config/spring-cache-4.1.xsd, http://www.springframework.org/schema/aop/spring-aop-4.0.xsd=org/springframework/aop/config/spring-aop-4.0.xsd, http://www.springframework.org/schema/jee/spring-jee-3.2.xsd=org/springframework/ejb/config/spring-jee-3.2.xsd, http://www.springframework.org/schema/context/spring-context-3.0.xsd=org/springframework/context/config/spring-context-3.0.xsd, http://www.springframework.org/schema/jdbc/spring-jdbc-4.0.xsd=org/springframework/jdbc/config/spring-jdbc-4.0.xsd, http://www.springframework.org/schema/mvc/spring-mvc-4.0.xsd=org/springframework/web/servlet/config/spring-mvc-4.0.xsd, http://www.springframework.org/schema/util/spring-util-2.5.xsd=org/springframework/beans/factory/xml/spring-util-2.5.xsd, http://www.springframework.org/schema/beans/spring-beans-3.2.xsd=org/springframework/beans/factory/xml/spring-beans-3.2.xsd, http://www.springframework.org/schema/aop/spring-aop-3.1.xsd=org/springframework/aop/config/spring-aop-3.1.xsd, http://www.springframework.org/schema/lang/spring-lang-4.0.xsd=org/springframework/scripting/config/spring-lang-4.0.xsd, http://www.springframework.org/schema/mvc/spring-mvc.xsd=org/springframework/web/servlet/config/spring-mvc-4.1.xsd, http://www.springframework.org/schema/mvc/spring-mvc-3.1.xsd=org/springframework/web/servlet/config/spring-mvc-3.1.xsd, http://www.springframework.org/schema/beans/spring-beans-4.1.xsd=org/springframework/beans/factory/xml/spring-beans-4.1.xsd, http://www.springframework.org/schema/tool/spring-tool-4.0.xsd=org/springframework/beans/factory/xml/spring-tool-4.0.xsd, http://www.springframework.org/schema/tx/spring-tx-3.2.xsd=org/springframework/transaction/config/spring-tx-3.2.xsd, http://www.springframework.org/schema/lang/spring-lang-3.1.xsd=org/springframework/scripting/config/spring-lang-3.1.xsd, http://www.springframework.org/schema/cache/spring-cache-3.1.xsd=org/springframework/cache/config/spring-cache-3.1.xsd, http://www.springframework.org/schema/jee/spring-jee-4.0.xsd=org/springframework/ejb/config/spring-jee-4.0.xsd, http://www.springframework.org/schema/jdbc/spring-jdbc-3.0.xsd=org/springframework/jdbc/config/spring-jdbc-3.0.xsd, http://www.springframework.org/schema/task/spring-task-4.1.xsd=org/springframework/scheduling/config/spring-task-4.1.xsd, http://www.springframework.org/schema/jdbc/spring-jdbc.xsd=org/springframework/jdbc/config/spring-jdbc-4.1.xsd, http://www.springframework.org/schema/tool/spring-tool-3.1.xsd=org/springframework/beans/factory/xml/spring-tool-3.1.xsd, http://www.springframework.org/schema/tx/spring-tx-4.1.xsd=org/springframework/transaction/config/spring-tx-4.1.xsd, http://www.springframework.org/schema/cache/spring-cache-4.0.xsd=org/springframework/cache/config/spring-cache-4.0.xsd, http://www.springframework.org/schema/jee/spring-jee-3.1.xsd=org/springframework/ejb/config/spring-jee-3.1.xsd, http://www.springframework.org/schema/task/spring-task-3.2.xsd=org/springframework/scheduling/config/spring-task-3.2.xsd, http://www.springframework.org/schema/beans/spring-beans-3.1.xsd=org/springframework/beans/factory/xml/spring-beans-3.1.xsd, http://www.springframework.org/schema/util/spring-util.xsd=org/springframework/beans/factory/xml/spring-util-4.1.xsd, http://www.springframework.org/schema/aop/spring-aop-3.0.xsd=org/springframework/aop/config/spring-aop-3.0.xsd, http://www.springframework.org/schema/mvc/spring-mvc-3.0.xsd=org/springframework/web/servlet/config/spring-mvc-3.0.xsd, http://www.springframework.org/schema/beans/spring-beans-4.0.xsd=org/springframework/beans/factory/xml/spring-beans-4.0.xsd, http://www.springframework.org/schema/beans/spring-beans.xsd=org/springframework/beans/factory/xml/spring-beans-4.1.xsd, http://www.springframework.org/schema/tx/spring-tx-3.1.xsd=org/springframework/transaction/config/spring-tx-3.1.xsd, http://www.springframework.org/schema/lang/spring-lang-3.0.xsd=org/springframework/scripting/config/spring-lang-3.0.xsd, http://mybatis.org/schema/mybatis-spring.xsd=org/mybatis/spring/config/mybatis-spring-1.2.xsd, http://www.springframework.org/schema/context/spring-context-2.5.xsd=org/springframework/context/config/spring-context-2.5.xsd, http://www.springframework.org/schema/task/spring-task-4.0.xsd=org/springframework/scheduling/config/spring-task-4.0.xsd, http://www.springframework.org/schema/tool/spring-tool-3.0.xsd=org/springframework/beans/factory/xml/spring-tool-3.0.xsd, http://www.springframework.org/schema/tx/spring-tx-4.0.xsd=org/springframework/transaction/config/spring-tx-4.0.xsd, http://www.springframework.org/schema/aop/spring-aop-2.0.xsd=org/springframework/aop/config/spring-aop-2.0.xsd, http://www.springframework.org/schema/jee/spring-jee-3.0.xsd=org/springframework/ejb/config/spring-jee-3.0.xsd, http://www.springframework.org/schema/util/spring-util-4.1.xsd=org/springframework/beans/factory/xml/spring-util-4.1.xsd, http://www.springframework.org/schema/task/spring-task-3.1.xsd=org/springframework/scheduling/config/spring-task-3.1.xsd, http://www.springframework.org/schema/beans/spring-beans-3.0.xsd=org/springframework/beans/factory/xml/spring-beans-3.0.xsd, http://www.springframework.org/schema/jee/spring-jee.xsd=org/springframework/ejb/config/spring-jee-4.1.xsd, http://www.springframework.org/schema/aop/spring-aop-2.5.xsd=org/springframework/aop/config/spring-aop-2.5.xsd, http://www.springframework.org/schema/lang/spring-lang-2.0.xsd=org/springframework/scripting/config/spring-lang-2.0.xsd, http://www.springframework.org/schema/util/spring-util-3.2.xsd=org/springframework/beans/factory/xml/spring-util-3.2.xsd, http://www.springframework.org/schema/task/spring-task.xsd=org/springframework/scheduling/config/spring-task-4.1.xsd, http://www.springframework.org/schema/tool/spring-tool-2.0.xsd=org/springframework/beans/factory/xml/spring-tool-2.0.xsd, http://www.springframework.org/schema/tx/spring-tx-3.0.xsd=org/springframework/transaction/config/spring-tx-3.0.xsd, http://www.springframework.org/schema/lang/spring-lang-2.5.xsd=org/springframework/scripting/config/spring-lang-2.5.xsd, http://www.springframework.org/schema/jee/spring-jee-2.0.xsd=org/springframework/ejb/config/spring-jee-2.0.xsd, http://www.springframework.org/schema/tool/spring-tool-2.5.xsd=org/springframework/beans/factory/xml/spring-tool-2.5.xsd, http://www.springframework.org/schema/jee/spring-jee-2.5.xsd=org/springframework/ejb/config/spring-jee-2.5.xsd, http://www.springframework.org/schema/util/spring-util-4.0.xsd=org/springframework/beans/factory/xml/spring-util-4.0.xsd, http://www.springframework.org/schema/task/spring-task-3.0.xsd=org/springframework/scheduling/config/spring-task-3.0.xsd, http://www.springframework.org/schema/lang/spring-lang.xsd=org/springframework/scripting/config/spring-lang-4.1.xsd, http://www.springframework.org/schema/context/spring-context-3.2.xsd=org/springframework/context/config/spring-context-3.2.xsd, http://www.springframework.org/schema/util/spring-util-3.1.xsd=org/springframework/beans/factory/xml/spring-util-3.1.xsd, http://www.springframework.org/schema/beans/spring-beans-2.0.xsd=org/springframework/beans/factory/xml/spring-beans-2.0.xsd, http://www.springframework.org/schema/cache/spring-cache.xsd=org/springframework/cache/config/spring-cache-4.1.xsd, http://www.springframework.org/schema/tx/spring-tx.xsd=org/springframework/transaction/config/spring-tx-4.1.xsd, http://www.springframework.org/schema/context/spring-context-4.1.xsd=org/springframework/context/config/spring-context-4.1.xsd, http://www.springframework.org/schema/beans/spring-beans-2.5.xsd=org/springframework/beans/factory/xml/spring-beans-2.5.xsd, http://www.springframework.org/schema/tx/spring-tx-2.0.xsd=org/springframework/transaction/config/spring-tx-2.0.xsd, http://www.springframework.org/schema/jdbc/spring-jdbc-3.2.xsd=org/springframework/jdbc/config/spring-jdbc-3.2.xsd, http://www.springframework.org/schema/aop/spring-aop.xsd=org/springframework/aop/config/spring-aop-4.1.xsd}
2019-06-17 20:36:19,327 [main] [org.springframework.beans.factory.xml.PluggableSchemaResolver]-[DEBUG] Found XML schema [http://www.springframework.org/schema/beans/spring-beans-4.0.xsd] in classpath: org/springframework/beans/factory/xml/spring-beans-4.0.xsd
2019-06-17 20:36:19,373 [main] [org.springframework.beans.factory.xml.PluggableSchemaResolver]-[DEBUG] Found XML schema [http://www.springframework.org/schema/context/spring-context-4.0.xsd] in classpath: org/springframework/context/config/spring-context-4.0.xsd
2019-06-17 20:36:19,375 [main] [org.springframework.beans.factory.xml.PluggableSchemaResolver]-[DEBUG] Found XML schema [http://www.springframework.org/schema/tool/spring-tool-4.0.xsd] in classpath: org/springframework/beans/factory/xml/spring-tool-4.0.xsd
2019-06-17 20:36:19,639 [main] [org.springframework.beans.factory.xml.DefaultBeanDefinitionDocumentReader]-[DEBUG] Loading bean definitions
2019-06-17 20:36:19,644 [main] [org.springframework.beans.factory.xml.DefaultNamespaceHandlerResolver]-[DEBUG] Loaded NamespaceHandler mappings: {http://www.springframework.org/schema/p=org.springframework.beans.factory.xml.SimplePropertyNamespaceHandler, http://www.springframework.org/schema/mvc=org.springframework.web.servlet.config.MvcNamespaceHandler, http://www.springframework.org/schema/util=org.springframework.beans.factory.xml.UtilNamespaceHandler, http://www.springframework.org/schema/jee=org.springframework.ejb.config.JeeNamespaceHandler, http://www.springframework.org/schema/aop=org.springframework.aop.config.AopNamespaceHandler, http://www.springframework.org/schema/jdbc=org.springframework.jdbc.config.JdbcNamespaceHandler, http://www.springframework.org/schema/cache=org.springframework.cache.config.CacheNamespaceHandler, http://mybatis.org/schema/mybatis-spring=org.mybatis.spring.config.NamespaceHandler, http://www.springframework.org/schema/c=org.springframework.beans.factory.xml.SimpleConstructorNamespaceHandler, http://www.springframework.org/schema/tx=org.springframework.transaction.config.TxNamespaceHandler, http://www.springframework.org/schema/task=org.springframework.scheduling.config.TaskNamespaceHandler, http://www.springframework.org/schema/lang=org.springframework.scripting.config.LangNamespaceHandler, http://www.springframework.org/schema/context=org.springframework.context.config.ContextNamespaceHandler}
2019-06-17 20:36:19,658 [main] [org.springframework.beans.factory.xml.BeanDefinitionParserDelegate]-[DEBUG] Neither XML &apos;id&apos; nor &apos;name&apos; specified - using generated bean name [org.mybatis.spring.mapper.MapperScannerConfigurer#0]
2019-06-17 20:36:19,659 [main] [org.springframework.beans.factory.xml.XmlBeanDefinitionReader]-[INFO] Loading XML bean definitions from file [D:\����ssm�������̳�\taotao-rest\target\classes\spring\applicationContext-jedis.xml]
2019-06-17 20:36:19,664 [main] [org.springframework.beans.factory.xml.DefaultDocumentLoader]-[DEBUG] Using JAXP provider [com.sun.org.apache.xerces.internal.jaxp.DocumentBuilderFactoryImpl]
2019-06-17 20:36:19,668 [main] [org.springframework.beans.factory.xml.PluggableSchemaResolver]-[DEBUG] Found XML schema [http://www.springframework.org/schema/beans/spring-beans-4.0.xsd] in classpath: org/springframework/beans/factory/xml/spring-beans-4.0.xsd
2019-06-17 20:36:19,679 [main] [org.springframework.beans.factory.xml.DefaultBeanDefinitionDocumentReader]-[DEBUG] Loading bean definitions
2019-06-17 20:36:19,680 [main] [org.springframework.beans.factory.xml.XmlBeanDefinitionReader]-[INFO] Loading XML bean definitions from file [D:\����ssm�������̳�\taotao-rest\target\classes\spring\applicationContext-service.xml]
2019-06-17 20:36:19,681 [main] [org.springframework.beans.factory.xml.DefaultDocumentLoader]-[DEBUG] Using JAXP provider [com.sun.org.apache.xerces.internal.jaxp.DocumentBuilderFactoryImpl]
2019-06-17 20:36:19,685 [main] [org.springframework.beans.factory.xml.PluggableSchemaResolver]-[DEBUG] Found XML schema [http://www.springframework.org/schema/beans/spring-beans-4.0.xsd] in classpath: org/springframework/beans/factory/xml/spring-beans-4.0.xsd
2019-06-17 20:36:19,691 [main] [org.springframework.beans.factory.xml.PluggableSchemaResolver]-[DEBUG] Found XML schema [http://www.springframework.org/schema/context/spring-context-4.0.xsd] in classpath: org/springframework/context/config/spring-context-4.0.xsd
2019-06-17 20:36:19,693 [main] [org.springframework.beans.factory.xml.PluggableSchemaResolver]-[DEBUG] Found XML schema [http://www.springframework.org/schema/tool/spring-tool-4.0.xsd] in classpath: org/springframework/beans/factory/xml/spring-tool-4.0.xsd
2019-06-17 20:36:19,697 [main] [org.springframework.beans.factory.xml.DefaultBeanDefinitionDocumentReader]-[DEBUG] Loading bean definitions
2019-06-17 20:36:19,697 [main] [org.springframework.core.env.StandardEnvironment]-[DEBUG] Adding [systemProperties] PropertySource with lowest search precedence
2019-06-17 20:36:19,697 [main] [org.springframework.core.env.StandardEnvironment]-[DEBUG] Adding [systemEnvironment] PropertySource with lowest search precedence
2019-06-17 20:36:19,764 [main] [org.springframework.core.env.StandardEnvironment]-[DEBUG] Initialized StandardEnvironment with PropertySources [systemProperties,systemEnvironment]
2019-06-17 20:36:19,768 [main] [org.springframework.core.io.support.PathMatchingResourcePatternResolver]-[DEBUG] Looking for matching resources in directory tree [D:\����ssm�������̳�\taotao-rest\target\classes\com\taotao\rest\service]
2019-06-17 20:36:19,768 [main] [org.springframework.core.io.support.PathMatchingResourcePatternResolver]-[DEBUG] Searching directory [D:\����ssm�������̳�\taotao-rest\target\classes\com\taotao\rest\service] for files matching pattern [D:/����ssm�������̳�/taotao-rest/target/classes/com/taotao/rest/service/**/*.class]
2019-06-17 20:36:19,769 [main] [org.springframework.core.io.support.PathMatchingResourcePatternResolver]-[DEBUG] Searching directory [D:\����ssm�������̳�\taotao-rest\target\classes\com\taotao\rest\service\impl] for files matching pattern [D:/����ssm�������̳�/taotao-rest/target/classes/com/taotao/rest/service/**/*.class]
2019-06-17 20:36:19,771 [main] [org.springframework.core.io.support.PathMatchingResourcePatternResolver]-[DEBUG] Resolved location pattern [classpath*:com/taotao/rest/service/**/*.class] to resources [file [D:\����ssm�������̳�\taotao-rest\target\classes\com\taotao\rest\service\ContentService.class], file [D:\����ssm�������̳�\taotao-rest\target\classes\com\taotao\rest\service\impl\ContentServiceImpl.class], file [D:\����ssm�������̳�\taotao-rest\target\classes\com\taotao\rest\service\impl\ItemCatServiceImpl.class], file [D:\����ssm�������̳�\taotao-rest\target\classes\com\taotao\rest\service\impl\ItemServiceImpl.class], file [D:\����ssm�������̳�\taotao-rest\target\classes\com\taotao\rest\service\impl\RedisServiceImpl.class], file [D:\����ssm�������̳�\taotao-rest\target\classes\com\taotao\rest\service\ItemCatService.class], file [D:\����ssm�������̳�\taotao-rest\target\classes\com\taotao\rest\service\ItemService.class], file [D:\����ssm�������̳�\taotao-rest\target\classes\com\taotao\rest\service\RedisService.class]]
2019-06-17 20:36:19,773 [main] [org.springframework.context.annotation.ClassPathBeanDefinitionScanner]-[DEBUG] Identified candidate component class: file [D:\����ssm�������̳�\taotao-rest\target\classes\com\taotao\rest\service\impl\ContentServiceImpl.class]
2019-06-17 20:36:19,774 [main] [org.springframework.context.annotation.ClassPathBeanDefinitionScanner]-[DEBUG] Identified candidate component class: file [D:\����ssm�������̳�\taotao-rest\target\classes\com\taotao\rest\service\impl\ItemCatServiceImpl.class]
2019-06-17 20:36:19,775 [main] [org.springframework.context.annotation.ClassPathBeanDefinitionScanner]-[DEBUG] Identified candidate component class: file [D:\����ssm�������̳�\taotao-rest\target\classes\com\taotao\rest\service\impl\ItemServiceImpl.class]
2019-06-17 20:36:19,779 [main] [org.springframework.context.annotation.ClassPathBeanDefinitionScanner]-[DEBUG] Identified candidate component class: file [D:\����ssm�������̳�\taotao-rest\target\classes\com\taotao\rest\service\impl\RedisServiceImpl.class]
2019-06-17 20:36:19,782 [main] [org.springframework.beans.factory.xml.XmlBeanDefinitionReader]-[INFO] Loading XML bean definitions from file [D:\����ssm�������̳�\taotao-rest\target\classes\spring\applicationContext-trans.xml]
2019-06-17 20:36:19,785 [main] [org.springframework.beans.factory.xml.DefaultDocumentLoader]-[DEBUG] Using JAXP provider [com.sun.org.apache.xerces.internal.jaxp.DocumentBuilderFactoryImpl]
2019-06-17 20:36:19,786 [main] [org.springframework.beans.factory.xml.PluggableSchemaResolver]-[DEBUG] Found XML schema [http://www.springframework.org/schema/beans/spring-beans-4.0.xsd] in classpath: org/springframework/beans/factory/xml/spring-beans-4.0.xsd
2019-06-17 20:36:19,794 [main] [org.springframework.beans.factory.xml.PluggableSchemaResolver]-[DEBUG] Found XML schema [http://www.springframework.org/schema/tx/spring-tx-4.0.xsd] in classpath: org/springframework/transaction/config/spring-tx-4.0.xsd
2019-06-17 20:36:19,796 [main] [org.springframework.beans.factory.xml.PluggableSchemaResolver]-[DEBUG] Found XML schema [http://www.springframework.org/schema/tool/spring-tool-4.0.xsd] in classpath: org/springframework/beans/factory/xml/spring-tool-4.0.xsd
2019-06-17 20:36:19,800 [main] [org.springframework.beans.factory.xml.PluggableSchemaResolver]-[DEBUG] Found XML schema [http://www.springframework.org/schema/aop/spring-aop-4.0.xsd] in classpath: org/springframework/aop/config/spring-aop-4.0.xsd
2019-06-17 20:36:19,804 [main] [org.springframework.beans.factory.xml.DefaultBeanDefinitionDocumentReader]-[DEBUG] Loading bean definitions
2019-06-17 20:36:19,809 [main] [org.springframework.beans.factory.xml.XmlBeanDefinitionReader]-[DEBUG] Loaded 19 bean definitions from location pattern [classpath:spring/applicationContext-*.xml]
2019-06-17 20:36:19,809 [main] [org.springframework.context.support.ClassPathXmlApplicationContext]-[DEBUG] Bean factory for org.springframework.context.support.ClassPathXmlApplicationContext@3daf7722: org.springframework.beans.factory.support.DefaultListableBeanFactory@4f5991f6: defining beans [org.springframework.context.support.PropertySourcesPlaceholderConfigurer#0,dataSource,sqlSessionFactory,org.mybatis.spring.mapper.MapperScannerConfigurer#0,jedisPoolConfig,redisClient,jedisClient,contentServiceImpl,itemCatServiceImpl,itemServiceImpl,redisServiceImpl,org.springframework.context.annotation.internalConfigurationAnnotationProcessor,org.springframework.context.annotation.internalAutowiredAnnotationProcessor,org.springframework.context.annotation.internalRequiredAnnotationProcessor,org.springframework.context.annotation.internalCommonAnnotationProcessor,transactionManager,txAdvice,org.springframework.aop.config.internalAutoProxyCreator,org.springframework.aop.support.DefaultBeanFactoryPointcutAdvisor#0]; root of factory hierarchy
2019-06-17 20:36:19,810 [main] [org.springframework.beans.factory.support.DefaultListableBeanFactory]-[DEBUG] Creating shared instance of singleton bean &apos;org.springframework.context.annotation.internalConfigurationAnnotationProcessor&apos;
2019-06-17 20:36:19,814 [main] [org.springframework.beans.factory.support.DefaultListableBeanFactory]-[DEBUG] Creating instance of bean &apos;org.springframework.context.annotation.internalConfigurationAnnotationProcessor&apos;
2019-06-17 20:36:19,814 [main] [org.springframework.beans.factory.support.DefaultListableBeanFactory]-[DEBUG] Eagerly caching bean &apos;org.springframework.context.annotation.internalConfigurationAnnotationProcessor&apos; to allow for resolving potential circular references
2019-06-17 20:36:19,823 [main] [org.springframework.beans.factory.support.DefaultListableBeanFactory]-[DEBUG] Finished creating instance of bean &apos;org.springframework.context.annotation.internalConfigurationAnnotationProcessor&apos;
2019-06-17 20:36:19,845 [main] [org.springframework.beans.factory.support.DefaultListableBeanFactory]-[DEBUG] Creating shared instance of singleton bean &apos;org.mybatis.spring.mapper.MapperScannerConfigurer#0&apos;
2019-06-17 20:36:19,846 [main] [org.springframework.beans.factory.support.DefaultListableBeanFactory]-[DEBUG] Creating instance of bean &apos;org.mybatis.spring.mapper.MapperScannerConfigurer#0&apos;
2019-06-17 20:36:19,846 [main] [org.springframework.beans.factory.support.DefaultListableBeanFactory]-[DEBUG] Eagerly caching bean &apos;org.mybatis.spring.mapper.MapperScannerConfigurer#0&apos; to allow for resolving potential circular references
2019-06-17 20:36:19,846 [main] [org.springframework.beans.factory.support.DefaultListableBeanFactory]-[DEBUG] Invoking afterPropertiesSet() on bean with name &apos;org.mybatis.spring.mapper.MapperScannerConfigurer#0&apos;
2019-06-17 20:36:19,847 [main] [org.springframework.beans.factory.support.DefaultListableBeanFactory]-[DEBUG] Finished creating instance of bean &apos;org.mybatis.spring.mapper.MapperScannerConfigurer#0&apos;
2019-06-17 20:36:19,847 [main] [org.springframework.core.env.StandardEnvironment]-[DEBUG] Adding [systemProperties] PropertySource with lowest search precedence
2019-06-17 20:36:19,847 [main] [org.springframework.core.env.StandardEnvironment]-[DEBUG] Adding [systemEnvironment] PropertySource with lowest search precedence
2019-06-17 20:36:19,848 [main] [org.springframework.core.env.StandardEnvironment]-[DEBUG] Initialized StandardEnvironment with PropertySources [systemProperties,systemEnvironment]
2019-06-17 20:36:19,849 [main] [org.springframework.core.io.support.PathMatchingResourcePatternResolver]-[DEBUG] Looking for matching resources in jar file [file:/C:/Users/Administrator/.m2/repository/com/taotao/taotao-manager-mapper/0.0.1-SNAPSHOT/taotao-manager-mapper-0.0.1-SNAPSHOT.jar]
2019-06-17 20:36:19,851 [main] [org.springframework.core.io.support.PathMatchingResourcePatternResolver]-[DEBUG] Resolved location pattern [classpath*:com/taotao/mapper/**/*.class] to resources [URL [jar:file:/C:/Users/Administrator/.m2/repository/com/taotao/taotao-manager-mapper/0.0.1-SNAPSHOT/taotao-manager-mapper-0.0.1-SNAPSHOT.jar!/com/taotao/mapper/TbContentCategoryMapper.class], URL [jar:file:/C:/Users/Administrator/.m2/repository/com/taotao/taotao-manager-mapper/0.0.1-SNAPSHOT/taotao-manager-mapper-0.0.1-SNAPSHOT.jar!/com/taotao/mapper/TbContentMapper.class], URL [jar:file:/C:/Users/Administrator/.m2/repository/com/taotao/taotao-manager-mapper/0.0.1-SNAPSHOT/taotao-manager-mapper-0.0.1-SNAPSHOT.jar!/com/taotao/mapper/TbItemCatMapper.class], URL [jar:file:/C:/Users/Administrator/.m2/repository/com/taotao/taotao-manager-mapper/0.0.1-SNAPSHOT/taotao-manager-mapper-0.0.1-SNAPSHOT.jar!/com/taotao/mapper/TbItemDescMapper.class], URL [jar:file:/C:/Users/Administrator/.m2/repository/com/taotao/taotao-manager-mapper/0.0.1-SNAPSHOT/taotao-manager-mapper-0.0.1-SNAPSHOT.jar!/com/taotao/mapper/TbItemMapper.class], URL [jar:file:/C:/Users/Administrator/.m2/repository/com/taotao/taotao-manager-mapper/0.0.1-SNAPSHOT/taotao-manager-mapper-0.0.1-SNAPSHOT.jar!/com/taotao/mapper/TbItemParamItemMapper.class], URL [jar:file:/C:/Users/Administrator/.m2/repository/com/taotao/taotao-manager-mapper/0.0.1-SNAPSHOT/taotao-manager-mapper-0.0.1-SNAPSHOT.jar!/com/taotao/mapper/TbItemParamMapper.class], URL [jar:file:/C:/Users/Administrator/.m2/repository/com/taotao/taotao-manager-mapper/0.0.1-SNAPSHOT/taotao-manager-mapper-0.0.1-SNAPSHOT.jar!/com/taotao/mapper/TbOrderItemMapper.class], URL [jar:file:/C:/Users/Administrator/.m2/repository/com/taotao/taotao-manager-mapper/0.0.1-SNAPSHOT/taotao-manager-mapper-0.0.1-SNAPSHOT.jar!/com/taotao/mapper/TbOrderMapper.class], URL [jar:file:/C:/Users/Administrator/.m2/repository/com/taotao/taotao-manager-mapper/0.0.1-SNAPSHOT/taotao-manager-mapper-0.0.1-SNAPSHOT.jar!/com/taotao/mapper/TbOrderShippingMapper.class], URL [jar:file:/C:/Users/Administrator/.m2/repository/com/taotao/taotao-manager-mapper/0.0.1-SNAPSHOT/taotao-manager-mapper-0.0.1-SNAPSHOT.jar!/com/taotao/mapper/TbUserMapper.class]]
2019-06-17 20:36:19,852 [main] [org.mybatis.spring.mapper.ClassPathMapperScanner]-[DEBUG] Identified candidate component class: URL [jar:file:/C:/Users/Administrator/.m2/repository/com/taotao/taotao-manager-mapper/0.0.1-SNAPSHOT/taotao-manager-mapper-0.0.1-SNAPSHOT.jar!/com/taotao/mapper/TbContentCategoryMapper.class]
2019-06-17 20:36:19,853 [main] [org.mybatis.spring.mapper.ClassPathMapperScanner]-[DEBUG] Identified candidate component class: URL [jar:file:/C:/Users/Administrator/.m2/repository/com/taotao/taotao-manager-mapper/0.0.1-SNAPSHOT/taotao-manager-mapper-0.0.1-SNAPSHOT.jar!/com/taotao/mapper/TbContentMapper.class]
2019-06-17 20:36:19,853 [main] [org.mybatis.spring.mapper.ClassPathMapperScanner]-[DEBUG] Identified candidate component class: URL [jar:file:/C:/Users/Administrator/.m2/repository/com/taotao/taotao-manager-mapper/0.0.1-SNAPSHOT/taotao-manager-mapper-0.0.1-SNAPSHOT.jar!/com/taotao/mapper/TbItemCatMapper.class]
2019-06-17 20:36:19,854 [main] [org.mybatis.spring.mapper.ClassPathMapperScanner]-[DEBUG] Identified candidate component class: URL [jar:file:/C:/Users/Administrator/.m2/repository/com/taotao/taotao-manager-mapper/0.0.1-SNAPSHOT/taotao-manager-mapper-0.0.1-SNAPSHOT.jar!/com/taotao/mapper/TbItemDescMapper.class]
2019-06-17 20:36:19,855 [main] [org.mybatis.spring.mapper.ClassPathMapperScanner]-[DEBUG] Identified candidate component class: URL [jar:file:/C:/Users/Administrator/.m2/repository/com/taotao/taotao-manager-mapper/0.0.1-SNAPSHOT/taotao-manager-mapper-0.0.1-SNAPSHOT.jar!/com/taotao/mapper/TbItemMapper.class]
2019-06-17 20:36:19,855 [main] [org.mybatis.spring.mapper.ClassPathMapperScanner]-[DEBUG] Identified candidate component class: URL [jar:file:/C:/Users/Administrator/.m2/repository/com/taotao/taotao-manager-mapper/0.0.1-SNAPSHOT/taotao-manager-mapper-0.0.1-SNAPSHOT.jar!/com/taotao/mapper/TbItemParamItemMapper.class]
2019-06-17 20:36:19,856 [main] [org.mybatis.spring.mapper.ClassPathMapperScanner]-[DEBUG] Identified candidate component class: URL [jar:file:/C:/Users/Administrator/.m2/repository/com/taotao/taotao-manager-mapper/0.0.1-SNAPSHOT/taotao-manager-mapper-0.0.1-SNAPSHOT.jar!/com/taotao/mapper/TbItemParamMapper.class]
2019-06-17 20:36:19,857 [main] [org.mybatis.spring.mapper.ClassPathMapperScanner]-[DEBUG] Identified candidate component class: URL [jar:file:/C:/Users/Administrator/.m2/repository/com/taotao/taotao-manager-mapper/0.0.1-SNAPSHOT/taotao-manager-mapper-0.0.1-SNAPSHOT.jar!/com/taotao/mapper/TbOrderItemMapper.class]
2019-06-17 20:36:19,858 [main] [org.mybatis.spring.mapper.ClassPathMapperScanner]-[DEBUG] Identified candidate component class: URL [jar:file:/C:/Users/Administrator/.m2/repository/com/taotao/taotao-manager-mapper/0.0.1-SNAPSHOT/taotao-manager-mapper-0.0.1-SNAPSHOT.jar!/com/taotao/mapper/TbOrderMapper.class]
2019-06-17 20:36:19,859 [main] [org.mybatis.spring.mapper.ClassPathMapperScanner]-[DEBUG] Identified candidate component class: URL [jar:file:/C:/Users/Administrator/.m2/repository/com/taotao/taotao-manager-mapper/0.0.1-SNAPSHOT/taotao-manager-mapper-0.0.1-SNAPSHOT.jar!/com/taotao/mapper/TbOrderShippingMapper.class]
2019-06-17 20:36:19,860 [main] [org.mybatis.spring.mapper.ClassPathMapperScanner]-[DEBUG] Identified candidate component class: URL [jar:file:/C:/Users/Administrator/.m2/repository/com/taotao/taotao-manager-mapper/0.0.1-SNAPSHOT/taotao-manager-mapper-0.0.1-SNAPSHOT.jar!/com/taotao/mapper/TbUserMapper.class]
2019-06-17 20:36:19,861 [main] [org.mybatis.spring.mapper.ClassPathMapperScanner]-[DEBUG] Creating MapperFactoryBean with name &apos;tbContentCategoryMapper&apos; and &apos;com.taotao.mapper.TbContentCategoryMapper&apos; mapperInterface
2019-06-17 20:36:19,861 [main] [org.mybatis.spring.mapper.ClassPathMapperScanner]-[DEBUG] Enabling autowire by type for MapperFactoryBean with name &apos;tbContentCategoryMapper&apos;.
2019-06-17 20:36:19,861 [main] [org.mybatis.spring.mapper.ClassPathMapperScanner]-[DEBUG] Creating MapperFactoryBean with name &apos;tbContentMapper&apos; and &apos;com.taotao.mapper.TbContentMapper&apos; mapperInterface
2019-06-17 20:36:19,861 [main] [org.mybatis.spring.mapper.ClassPathMapperScanner]-[DEBUG] Enabling autowire by type for MapperFactoryBean with name &apos;tbContentMapper&apos;.
2019-06-17 20:36:19,861 [main] [org.mybatis.spring.mapper.ClassPathMapperScanner]-[DEBUG] Creating MapperFactoryBean with name &apos;tbItemCatMapper&apos; and &apos;com.taotao.mapper.TbItemCatMapper&apos; mapperInterface
2019-06-17 20:36:19,861 [main] [org.mybatis.spring.mapper.ClassPathMapperScanner]-[DEBUG] Enabling autowire by type for MapperFactoryBean with name &apos;tbItemCatMapper&apos;.
2019-06-17 20:36:19,861 [main] [org.mybatis.spring.mapper.ClassPathMapperScanner]-[DEBUG] Creating MapperFactoryBean with name &apos;tbItemDescMapper&apos; and &apos;com.taotao.mapper.TbItemDescMapper&apos; mapperInterface
2019-06-17 20:36:19,861 [main] [org.mybatis.spring.mapper.ClassPathMapperScanner]-[DEBUG] Enabling autowire by type for MapperFactoryBean with name &apos;tbItemDescMapper&apos;.
2019-06-17 20:36:19,861 [main] [org.mybatis.spring.mapper.ClassPathMapperScanner]-[DEBUG] Creating MapperFactoryBean with name &apos;tbItemMapper&apos; and &apos;com.taotao.mapper.TbItemMapper&apos; mapperInterface
2019-06-17 20:36:19,861 [main] [org.mybatis.spring.mapper.ClassPathMapperScanner]-[DEBUG] Enabling autowire by type for MapperFactoryBean with name &apos;tbItemMapper&apos;.
2019-06-17 20:36:19,861 [main] [org.mybatis.spring.mapper.ClassPathMapperScanner]-[DEBUG] Creating MapperFactoryBean with name &apos;tbItemParamItemMapper&apos; and &apos;com.taotao.mapper.TbItemParamItemMapper&apos; mapperInterface
2019-06-17 20:36:19,861 [main] [org.mybatis.spring.mapper.ClassPathMapperScanner]-[DEBUG] Enabling autowire by type for MapperFactoryBean with name &apos;tbItemParamItemMapper&apos;.
2019-06-17 20:36:19,862 [main] [org.mybatis.spring.mapper.ClassPathMapperScanner]-[DEBUG] Creating MapperFactoryBean with name &apos;tbItemParamMapper&apos; and &apos;com.taotao.mapper.TbItemParamMapper&apos; mapperInterface
2019-06-17 20:36:19,862 [main] [org.mybatis.spring.mapper.ClassPathMapperScanner]-[DEBUG] Enabling autowire by type for MapperFactoryBean with name &apos;tbItemParamMapper&apos;.
2019-06-17 20:36:19,862 [main] [org.mybatis.spring.mapper.ClassPathMapperScanner]-[DEBUG] Creating MapperFactoryBean with name &apos;tbOrderItemMapper&apos; and &apos;com.taotao.mapper.TbOrderItemMapper&apos; mapperInterface
2019-06-17 20:36:19,862 [main] [org.mybatis.spring.mapper.ClassPathMapperScanner]-[DEBUG] Enabling autowire by type for MapperFactoryBean with name &apos;tbOrderItemMapper&apos;.
2019-06-17 20:36:19,862 [main] [org.mybatis.spring.mapper.ClassPathMapperScanner]-[DEBUG] Creating MapperFactoryBean with name &apos;tbOrderMapper&apos; and &apos;com.taotao.mapper.TbOrderMapper&apos; mapperInterface
2019-06-17 20:36:19,862 [main] [org.mybatis.spring.mapper.ClassPathMapperScanner]-[DEBUG] Enabling autowire by type for MapperFactoryBean with name &apos;tbOrderMapper&apos;.
2019-06-17 20:36:19,862 [main] [org.mybatis.spring.mapper.ClassPathMapperScanner]-[DEBUG] Creating MapperFactoryBean with name &apos;tbOrderShippingMapper&apos; and &apos;com.taotao.mapper.TbOrderShippingMapper&apos; mapperInterface
2019-06-17 20:36:19,862 [main] [org.mybatis.spring.mapper.ClassPathMapperScanner]-[DEBUG] Enabling autowire by type for MapperFactoryBean with name &apos;tbOrderShippingMapper&apos;.
2019-06-17 20:36:19,862 [main] [org.mybatis.spring.mapper.ClassPathMapperScanner]-[DEBUG] Creating MapperFactoryBean with name &apos;tbUserMapper&apos; and &apos;com.taotao.mapper.TbUserMapper&apos; mapperInterface
2019-06-17 20:36:19,862 [main] [org.mybatis.spring.mapper.ClassPathMapperScanner]-[DEBUG] Enabling autowire by type for MapperFactoryBean with name &apos;tbUserMapper&apos;.
2019-06-17 20:36:19,863 [main] [org.springframework.beans.factory.support.DefaultListableBeanFactory]-[DEBUG] Creating shared instance of singleton bean &apos;org.springframework.context.support.PropertySourcesPlaceholderConfigurer#0&apos;
2019-06-17 20:36:19,864 [main] [org.springframework.beans.factory.support.DefaultListableBeanFactory]-[DEBUG] Creating instance of bean &apos;org.springframework.context.support.PropertySourcesPlaceholderConfigurer#0&apos;
2019-06-17 20:36:19,864 [main] [org.springframework.beans.factory.support.DefaultListableBeanFactory]-[DEBUG] Eagerly caching bean &apos;org.springframework.context.support.PropertySourcesPlaceholderConfigurer#0&apos; to allow for resolving potential circular references
2019-06-17 20:36:19,867 [main] [org.springframework.core.io.support.PathMatchingResourcePatternResolver]-[DEBUG] Looking for matching resources in directory tree [D:\����ssm�������̳�\taotao-rest\target\classes\resource]
2019-06-17 20:36:19,867 [main] [org.springframework.core.io.support.PathMatchingResourcePatternResolver]-[DEBUG] Searching directory [D:\����ssm�������̳�\taotao-rest\target\classes\resource] for files matching pattern [D:/����ssm�������̳�/taotao-rest/target/classes/resource/*.properties]
2019-06-17 20:36:19,868 [main] [org.springframework.core.io.support.PathMatchingResourcePatternResolver]-[DEBUG] Resolved location pattern [classpath:resource/*.properties] to resources [file [D:\����ssm�������̳�\taotao-rest\target\classes\resource\db.properties], file [D:\����ssm�������̳�\taotao-rest\target\classes\resource\resource.properties]]
2019-06-17 20:36:19,870 [main] [org.springframework.beans.factory.support.DefaultListableBeanFactory]-[DEBUG] Finished creating instance of bean &apos;org.springframework.context.support.PropertySourcesPlaceholderConfigurer#0&apos;
2019-06-17 20:36:19,870 [main] [org.springframework.core.env.MutablePropertySources]-[DEBUG] Adding [environmentProperties] PropertySource with lowest search precedence
2019-06-17 20:36:19,870 [main] [org.springframework.context.support.PropertySourcesPlaceholderConfigurer]-[INFO] Loading properties file from file [D:\����ssm�������̳�\taotao-rest\target\classes\resource\db.properties]
2019-06-17 20:36:19,870 [main] [org.springframework.context.support.PropertySourcesPlaceholderConfigurer]-[INFO] Loading properties file from file [D:\����ssm�������̳�\taotao-rest\target\classes\resource\resource.properties]
2019-06-17 20:36:19,871 [main] [org.springframework.core.env.MutablePropertySources]-[DEBUG] Adding [localProperties] PropertySource with lowest search precedence
2019-06-17 20:36:19,873 [main] [org.springframework.core.env.PropertySourcesPropertyResolver]-[DEBUG] Searching for key &apos;jdbc.url&apos; in [environmentProperties]
2019-06-17 20:36:19,873 [main] [org.springframework.core.env.PropertySourcesPropertyResolver]-[DEBUG] Searching for key &apos;jdbc.url&apos; in [systemProperties]
2019-06-17 20:36:19,873 [main] [org.springframework.core.env.PropertySourcesPropertyResolver]-[DEBUG] Searching for key &apos;jdbc.url&apos; in [systemEnvironment]
2019-06-17 20:36:19,873 [main] [org.springframework.core.env.PropertySourcesPropertyResolver]-[DEBUG] Could not find key &apos;jdbc.url&apos; in any property source. Returning [null]
2019-06-17 20:36:19,874 [main] [org.springframework.core.env.PropertySourcesPropertyResolver]-[DEBUG] Searching for key &apos;jdbc.url&apos; in [localProperties]
2019-06-17 20:36:19,874 [main] [org.springframework.core.env.PropertySourcesPropertyResolver]-[DEBUG] Found key &apos;jdbc.url&apos; in [localProperties] with type [String] and value &apos;jdbc:mysql://localhost:3306/taotao?characterEncoding=utf-8&apos;
2019-06-17 20:36:19,874 [main] [org.springframework.core.env.PropertySourcesPropertyResolver]-[DEBUG] Searching for key &apos;jdbc.username&apos; in [environmentProperties]
2019-06-17 20:36:19,874 [main] [org.springframework.core.env.PropertySourcesPropertyResolver]-[DEBUG] Searching for key &apos;jdbc.username&apos; in [systemProperties]
2019-06-17 20:36:19,874 [main] [org.springframework.core.env.PropertySourcesPropertyResolver]-[DEBUG] Searching for key &apos;jdbc.username&apos; in [systemEnvironment]
2019-06-17 20:36:19,874 [main] [org.springframework.core.env.PropertySourcesPropertyResolver]-[DEBUG] Could not find key &apos;jdbc.username&apos; in any property source. Returning [null]
2019-06-17 20:36:19,875 [main] [org.springframework.core.env.PropertySourcesPropertyResolver]-[DEBUG] Searching for key &apos;jdbc.username&apos; in [localProperties]
2019-06-17 20:36:19,875 [main] [org.springframework.core.env.PropertySourcesPropertyResolver]-[DEBUG] Found key &apos;jdbc.username&apos; in [localProperties] with type [String] and value &apos;root&apos;
2019-06-17 20:36:19,875 [main] [org.springframework.core.env.PropertySourcesPropertyResolver]-[DEBUG] Searching for key &apos;jdbc.password&apos; in [environmentProperties]
2019-06-17 20:36:19,875 [main] [org.springframework.core.env.PropertySourcesPropertyResolver]-[DEBUG] Searching for key &apos;jdbc.password&apos; in [systemProperties]
2019-06-17 20:36:19,875 [main] [org.springframework.core.env.PropertySourcesPropertyResolver]-[DEBUG] Searching for key &apos;jdbc.password&apos; in [systemEnvironment]
2019-06-17 20:36:19,876 [main] [org.springframework.core.env.PropertySourcesPropertyResolver]-[DEBUG] Could not find key &apos;jdbc.password&apos; in any property source. Returning [null]
2019-06-17 20:36:19,876 [main] [org.springframework.core.env.PropertySourcesPropertyResolver]-[DEBUG] Searching for key &apos;jdbc.password&apos; in [localProperties]
2019-06-17 20:36:19,876 [main] [org.springframework.core.env.PropertySourcesPropertyResolver]-[DEBUG] Found key &apos;jdbc.password&apos; in [localProperties] with type [String] and value &apos;123&apos;
2019-06-17 20:36:19,877 [main] [org.springframework.core.env.PropertySourcesPropertyResolver]-[DEBUG] Searching for key &apos;jdbc.driver&apos; in [environmentProperties]
2019-06-17 20:36:19,877 [main] [org.springframework.core.env.PropertySourcesPropertyResolver]-[DEBUG] Searching for key &apos;jdbc.driver&apos; in [systemProperties]
2019-06-17 20:36:19,877 [main] [org.springframework.core.env.PropertySourcesPropertyResolver]-[DEBUG] Searching for key &apos;jdbc.driver&apos; in [systemEnvironment]
2019-06-17 20:36:19,877 [main] [org.springframework.core.env.PropertySourcesPropertyResolver]-[DEBUG] Could not find key &apos;jdbc.driver&apos; in any property source. Returning [null]
2019-06-17 20:36:19,877 [main] [org.springframework.core.env.PropertySourcesPropertyResolver]-[DEBUG] Searching for key &apos;jdbc.driver&apos; in [localProperties]
2019-06-17 20:36:19,878 [main] [org.springframework.core.env.PropertySourcesPropertyResolver]-[DEBUG] Found key &apos;jdbc.driver&apos; in [localProperties] with type [String] and value &apos;com.mysql.jdbc.Driver&apos;
2019-06-17 20:36:19,885 [main] [org.springframework.beans.factory.support.DefaultListableBeanFactory]-[DEBUG] Creating shared instance of singleton bean &apos;org.springframework.context.annotation.internalAutowiredAnnotationProcessor&apos;
2019-06-17 20:36:19,885 [main] [org.springframework.beans.factory.support.DefaultListableBeanFactory]-[DEBUG] Creating instance of bean &apos;org.springframework.context.annotation.internalAutowiredAnnotationProcessor&apos;
2019-06-17 20:36:19,886 [main] [org.springframework.beans.factory.support.DefaultListableBeanFactory]-[DEBUG] Eagerly caching bean &apos;org.springframework.context.annotation.internalAutowiredAnnotationProcessor&apos; to allow for resolving potential circular references
2019-06-17 20:36:19,886 [main] [org.springframework.beans.factory.support.DefaultListableBeanFactory]-[DEBUG] Finished creating instance of bean &apos;org.springframework.context.annotation.internalAutowiredAnnotationProcessor&apos;
2019-06-17 20:36:19,886 [main] [org.springframework.beans.factory.support.DefaultListableBeanFactory]-[DEBUG] Creating shared instance of singleton bean &apos;org.springframework.context.annotation.internalRequiredAnnotationProcessor&apos;
2019-06-17 20:36:19,886 [main] [org.springframework.beans.factory.support.DefaultListableBeanFactory]-[DEBUG] Creating instance of bean &apos;org.springframework.context.annotation.internalRequiredAnnotationProcessor&apos;
2019-06-17 20:36:19,886 [main] [org.springframework.beans.factory.support.DefaultListableBeanFactory]-[DEBUG] Eagerly caching bean &apos;org.springframework.context.annotation.internalRequiredAnnotationProcessor&apos; to allow for resolving potential circular references
2019-06-17 20:36:19,887 [main] [org.springframework.beans.factory.support.DefaultListableBeanFactory]-[DEBUG] Finished creating instance of bean &apos;org.springframework.context.annotation.internalRequiredAnnotationProcessor&apos;
2019-06-17 20:36:19,887 [main] [org.springframework.beans.factory.support.DefaultListableBeanFactory]-[DEBUG] Creating shared instance of singleton bean &apos;org.springframework.context.annotation.internalCommonAnnotationProcessor&apos;
2019-06-17 20:36:19,887 [main] [org.springframework.beans.factory.support.DefaultListableBeanFactory]-[DEBUG] Creating instance of bean &apos;org.springframework.context.annotation.internalCommonAnnotationProcessor&apos;
2019-06-17 20:36:19,887 [main] [org.springframework.beans.factory.support.DefaultListableBeanFactory]-[DEBUG] Eagerly caching bean &apos;org.springframework.context.annotation.internalCommonAnnotationProcessor&apos; to allow for resolving potential circular references
2019-06-17 20:36:19,887 [main] [org.springframework.beans.factory.support.DefaultListableBeanFactory]-[DEBUG] Finished creating instance of bean &apos;org.springframework.context.annotation.internalCommonAnnotationProcessor&apos;
2019-06-17 20:36:19,887 [main] [org.springframework.beans.factory.support.DefaultListableBeanFactory]-[DEBUG] Creating shared instance of singleton bean &apos;org.springframework.context.annotation.ConfigurationClassPostProcessor.importAwareProcessor&apos;
2019-06-17 20:36:19,887 [main] [org.springframework.beans.factory.support.DefaultListableBeanFactory]-[DEBUG] Creating instance of bean &apos;org.springframework.context.annotation.ConfigurationClassPostProcessor.importAwareProcessor&apos;
2019-06-17 20:36:19,887 [main] [org.springframework.beans.factory.support.DefaultListableBeanFactory]-[DEBUG] Eagerly caching bean &apos;org.springframework.context.annotation.ConfigurationClassPostProcessor.importAwareProcessor&apos; to allow for resolving potential circular references
2019-06-17 20:36:19,887 [main] [org.springframework.beans.factory.support.DefaultListableBeanFactory]-[DEBUG] Finished creating instance of bean &apos;org.springframework.context.annotation.ConfigurationClassPostProcessor.importAwareProcessor&apos;
2019-06-17 20:36:19,888 [main] [org.springframework.beans.factory.support.DefaultListableBeanFactory]-[DEBUG] Creating shared instance of singleton bean &apos;org.springframework.context.annotation.ConfigurationClassPostProcessor.enhancedConfigurationProcessor&apos;
2019-06-17 20:36:19,888 [main] [org.springframework.beans.factory.support.DefaultListableBeanFactory]-[DEBUG] Creating instance of bean &apos;org.springframework.context.annotation.ConfigurationClassPostProcessor.enhancedConfigurationProcessor&apos;
2019-06-17 20:36:19,888 [main] [org.springframework.beans.factory.support.DefaultListableBeanFactory]-[DEBUG] Eagerly caching bean &apos;org.springframework.context.annotation.ConfigurationClassPostProcessor.enhancedConfigurationProcessor&apos; to allow for resolving potential circular references
2019-06-17 20:36:19,888 [main] [org.springframework.beans.factory.support.DefaultListableBeanFactory]-[DEBUG] Finished creating instance of bean &apos;org.springframework.context.annotation.ConfigurationClassPostProcessor.enhancedConfigurationProcessor&apos;
2019-06-17 20:36:19,888 [main] [org.springframework.beans.factory.support.DefaultListableBeanFactory]-[DEBUG] Creating shared instance of singleton bean &apos;org.springframework.aop.config.internalAutoProxyCreator&apos;
2019-06-17 20:36:19,888 [main] [org.springframework.beans.factory.support.DefaultListableBeanFactory]-[DEBUG] Creating instance of bean &apos;org.springframework.aop.config.internalAutoProxyCreator&apos;
2019-06-17 20:36:19,890 [main] [org.springframework.beans.factory.support.DefaultListableBeanFactory]-[DEBUG] Eagerly caching bean &apos;org.springframework.aop.config.internalAutoProxyCreator&apos; to allow for resolving potential circular references
2019-06-17 20:36:19,891 [main] [org.springframework.beans.factory.support.DefaultListableBeanFactory]-[DEBUG] Finished creating instance of bean &apos;org.springframework.aop.config.internalAutoProxyCreator&apos;
2019-06-17 20:36:19,892 [main] [org.springframework.context.support.ClassPathXmlApplicationContext]-[DEBUG] Unable to locate MessageSource with name &apos;messageSource&apos;: using default [org.springframework.context.support.DelegatingMessageSource@1608bcbd]
2019-06-17 20:36:19,892 [main] [org.springframework.context.support.ClassPathXmlApplicationContext]-[DEBUG] Unable to locate ApplicationEventMulticaster with name &apos;applicationEventMulticaster&apos;: using default [org.springframework.context.event.SimpleApplicationEventMulticaster@5bf8fa12]
2019-06-17 20:36:19,940 [main] [org.springframework.beans.factory.support.DefaultListableBeanFactory]-[DEBUG] Pre-instantiating singletons in org.springframework.beans.factory.support.DefaultListableBeanFactory@4f5991f6: defining beans [org.springframework.context.support.PropertySourcesPlaceholderConfigurer#0,dataSource,sqlSessionFactory,org.mybatis.spring.mapper.MapperScannerConfigurer#0,jedisPoolConfig,redisClient,jedisClient,contentServiceImpl,itemCatServiceImpl,itemServiceImpl,redisServiceImpl,org.springframework.context.annotation.internalConfigurationAnnotationProcessor,org.springframework.context.annotation.internalAutowiredAnnotationProcessor,org.springframework.context.annotation.internalRequiredAnnotationProcessor,org.springframework.context.annotation.internalCommonAnnotationProcessor,transactionManager,txAdvice,org.springframework.aop.config.internalAutoProxyCreator,org.springframework.aop.support.DefaultBeanFactoryPointcutAdvisor#0,org.springframework.context.annotation.ConfigurationClassPostProcessor.importAwareProcessor,org.springframework.context.annotation.ConfigurationClassPostProcessor.enhancedConfigurationProcessor,tbContentCategoryMapper,tbContentMapper,tbItemCatMapper,tbItemDescMapper,tbItemMapper,tbItemParamItemMapper,tbItemParamMapper,tbOrderItemMapper,tbOrderMapper,tbOrderShippingMapper,tbUserMapper]; root of factory hierarchy
2019-06-17 20:36:19,941 [main] [org.springframework.beans.factory.support.DefaultListableBeanFactory]-[DEBUG] Returning cached instance of singleton bean &apos;org.springframework.context.support.PropertySourcesPlaceholderConfigurer#0&apos;
2019-06-17 20:36:19,941 [main] [org.springframework.beans.factory.support.DefaultListableBeanFactory]-[DEBUG] Creating shared instance of singleton bean &apos;dataSource&apos;
2019-06-17 20:36:19,941 [main] [org.springframework.beans.factory.support.DefaultListableBeanFactory]-[DEBUG] Creating instance of bean &apos;dataSource&apos;
2019-06-17 20:36:19,942 [main] [org.springframework.beans.factory.support.DefaultListableBeanFactory]-[DEBUG] Creating shared instance of singleton bean &apos;org.springframework.aop.support.DefaultBeanFactoryPointcutAdvisor#0&apos;
2019-06-17 20:36:19,942 [main] [org.springframework.beans.factory.support.DefaultListableBeanFactory]-[DEBUG] Creating instance of bean &apos;org.springframework.aop.support.DefaultBeanFactoryPointcutAdvisor#0&apos;
2019-06-17 20:36:19,943 [main] [org.springframework.beans.factory.support.DefaultListableBeanFactory]-[DEBUG] Eagerly caching bean &apos;org.springframework.aop.support.DefaultBeanFactoryPointcutAdvisor#0&apos; to allow for resolving potential circular references
2019-06-17 20:36:19,944 [main] [org.springframework.beans.factory.support.DefaultListableBeanFactory]-[DEBUG] Creating instance of bean &apos;(inner bean)#29ca3d04&apos;
2019-06-17 20:36:19,944 [main] [org.springframework.beans.factory.support.DefaultListableBeanFactory]-[DEBUG] Finished creating instance of bean &apos;(inner bean)#29ca3d04&apos;
2019-06-17 20:36:19,945 [main] [org.springframework.beans.factory.support.DefaultListableBeanFactory]-[DEBUG] Finished creating instance of bean &apos;org.springframework.aop.support.DefaultBeanFactoryPointcutAdvisor#0&apos;
2019-06-17 20:36:19,948 [main] [org.springframework.beans.factory.support.DefaultListableBeanFactory]-[DEBUG] Eagerly caching bean &apos;dataSource&apos; to allow for resolving potential circular references
2019-06-17 20:36:19,951 [main] [org.springframework.beans.factory.support.DefaultListableBeanFactory]-[DEBUG] Returning cached instance of singleton bean &apos;org.springframework.aop.support.DefaultBeanFactoryPointcutAdvisor#0&apos;
2019-06-17 20:36:19,951 [main] [org.springframework.beans.factory.support.DefaultListableBeanFactory]-[DEBUG] Returning cached instance of singleton bean &apos;org.springframework.aop.support.DefaultBeanFactoryPointcutAdvisor#0&apos;
2019-06-17 20:36:20,217 [main] [org.springframework.beans.factory.support.DefaultListableBeanFactory]-[DEBUG] Finished creating instance of bean &apos;dataSource&apos;
2019-06-17 20:36:20,218 [main] [org.springframework.beans.factory.support.DefaultListableBeanFactory]-[DEBUG] Creating shared instance of singleton bean &apos;sqlSessionFactory&apos;
2019-06-17 20:36:20,218 [main] [org.springframework.beans.factory.support.DefaultListableBeanFactory]-[DEBUG] Creating instance of bean &apos;sqlSessionFactory&apos;
2019-06-17 20:36:20,218 [main] [org.springframework.beans.factory.support.DefaultListableBeanFactory]-[DEBUG] Returning cached instance of singleton bean &apos;org.springframework.aop.support.DefaultBeanFactoryPointcutAdvisor#0&apos;
2019-06-17 20:36:20,218 [main] [org.springframework.beans.factory.support.DefaultListableBeanFactory]-[DEBUG] Eagerly caching bean &apos;sqlSessionFactory&apos; to allow for resolving potential circular references
2019-06-17 20:36:20,219 [main] [org.springframework.beans.factory.support.DefaultListableBeanFactory]-[DEBUG] Returning cached instance of singleton bean &apos;dataSource&apos;
2019-06-17 20:36:20,219 [main] [org.springframework.beans.factory.support.DefaultListableBeanFactory]-[DEBUG] Invoking afterPropertiesSet() on bean with name &apos;sqlSessionFactory&apos;
2019-06-17 20:36:20,237 [main] [org.mybatis.spring.SqlSessionFactoryBean]-[DEBUG] Parsed configuration file: &apos;class path resource [mybatis/SqlMapConfig.xml]&apos;
2019-06-17 20:36:20,238 [main] [org.mybatis.spring.SqlSessionFactoryBean]-[DEBUG] Property &apos;mapperLocations&apos; was not specified or no matching resources found
2019-06-17 20:36:20,238 [main] [org.springframework.beans.factory.support.DefaultListableBeanFactory]-[DEBUG] Returning cached instance of singleton bean &apos;org.springframework.aop.support.DefaultBeanFactoryPointcutAdvisor#0&apos;
2019-06-17 20:36:20,238 [main] [org.springframework.beans.factory.support.DefaultListableBeanFactory]-[DEBUG] Returning cached instance of singleton bean &apos;org.springframework.aop.support.DefaultBeanFactoryPointcutAdvisor#0&apos;
2019-06-17 20:36:20,242 [main] [org.springframework.beans.factory.support.DefaultListableBeanFactory]-[DEBUG] Finished creating instance of bean &apos;sqlSessionFactory&apos;
2019-06-17 20:36:20,243 [main] [org.springframework.beans.factory.support.DefaultListableBeanFactory]-[DEBUG] Returning cached instance of singleton bean &apos;org.mybatis.spring.mapper.MapperScannerConfigurer#0&apos;
2019-06-17 20:36:20,243 [main] [org.springframework.beans.factory.support.DefaultListableBeanFactory]-[DEBUG] Creating shared instance of singleton bean &apos;jedisPoolConfig&apos;
2019-06-17 20:36:20,243 [main] [org.springframework.beans.factory.support.DefaultListableBeanFactory]-[DEBUG] Creating instance of bean &apos;jedisPoolConfig&apos;
2019-06-17 20:36:20,243 [main] [org.springframework.beans.factory.support.DefaultListableBeanFactory]-[DEBUG] Returning cached instance of singleton bean &apos;org.springframework.aop.support.DefaultBeanFactoryPointcutAdvisor#0&apos;
2019-06-17 20:36:20,244 [main] [org.springframework.beans.factory.support.DefaultListableBeanFactory]-[DEBUG] Eagerly caching bean &apos;jedisPoolConfig&apos; to allow for resolving potential circular references
2019-06-17 20:36:20,245 [main] [org.springframework.beans.factory.support.DefaultListableBeanFactory]-[DEBUG] Returning cached instance of singleton bean &apos;org.springframework.aop.support.DefaultBeanFactoryPointcutAdvisor#0&apos;
2019-06-17 20:36:20,246 [main] [org.springframework.beans.factory.support.DefaultListableBeanFactory]-[DEBUG] Returning cached instance of singleton bean &apos;org.springframework.aop.support.DefaultBeanFactoryPointcutAdvisor#0&apos;
2019-06-17 20:36:20,248 [main] [org.springframework.beans.factory.support.DefaultListableBeanFactory]-[DEBUG] Finished creating instance of bean &apos;jedisPoolConfig&apos;
2019-06-17 20:36:20,248 [main] [org.springframework.beans.factory.support.DefaultListableBeanFactory]-[DEBUG] Creating shared instance of singleton bean &apos;redisClient&apos;
2019-06-17 20:36:20,248 [main] [org.springframework.beans.factory.support.DefaultListableBeanFactory]-[DEBUG] Creating instance of bean &apos;redisClient&apos;
2019-06-17 20:36:20,249 [main] [org.springframework.beans.factory.support.DefaultListableBeanFactory]-[DEBUG] Returning cached instance of singleton bean &apos;org.springframework.aop.support.DefaultBeanFactoryPointcutAdvisor#0&apos;
2019-06-17 20:36:20,249 [main] [org.springframework.beans.factory.support.DefaultListableBeanFactory]-[DEBUG] Returning cached instance of singleton bean &apos;jedisPoolConfig&apos;
2019-06-17 20:36:20,259 [main] [org.springframework.beans.factory.support.DefaultListableBeanFactory]-[DEBUG] Eagerly caching bean &apos;redisClient&apos; to allow for resolving potential circular references
2019-06-17 20:36:20,259 [main] [org.springframework.beans.factory.support.DefaultListableBeanFactory]-[DEBUG] Returning cached instance of singleton bean &apos;org.springframework.aop.support.DefaultBeanFactoryPointcutAdvisor#0&apos;
2019-06-17 20:36:20,260 [main] [org.springframework.beans.factory.support.DefaultListableBeanFactory]-[DEBUG] Returning cached instance of singleton bean &apos;org.springframework.aop.support.DefaultBeanFactoryPointcutAdvisor#0&apos;
2019-06-17 20:36:20,261 [main] [org.springframework.beans.factory.support.DefaultListableBeanFactory]-[DEBUG] Finished creating instance of bean &apos;redisClient&apos;
2019-06-17 20:36:20,261 [main] [org.springframework.beans.factory.support.DefaultListableBeanFactory]-[DEBUG] Creating shared instance of singleton bean &apos;jedisClient&apos;
2019-06-17 20:36:20,262 [main] [org.springframework.beans.factory.support.DefaultListableBeanFactory]-[DEBUG] Creating instance of bean &apos;jedisClient&apos;
2019-06-17 20:36:20,262 [main] [org.springframework.beans.factory.support.DefaultListableBeanFactory]-[DEBUG] Returning cached instance of singleton bean &apos;org.springframework.aop.support.DefaultBeanFactoryPointcutAdvisor#0&apos;
2019-06-17 20:36:20,262 [main] [org.springframework.beans.factory.annotation.InjectionMetadata]-[DEBUG] Registered injected element on class [com.taotao.rest.dao.impl.JedisClientSingle]: AutowiredFieldElement for private redis.clients.jedis.JedisPool com.taotao.rest.dao.impl.JedisClientSingle.jedisPool
2019-06-17 20:36:20,262 [main] [org.springframework.beans.factory.support.DefaultListableBeanFactory]-[DEBUG] Eagerly caching bean &apos;jedisClient&apos; to allow for resolving potential circular references
2019-06-17 20:36:20,262 [main] [org.springframework.beans.factory.annotation.InjectionMetadata]-[DEBUG] Processing injected method of bean &apos;jedisClient&apos;: AutowiredFieldElement for private redis.clients.jedis.JedisPool com.taotao.rest.dao.impl.JedisClientSingle.jedisPool
2019-06-17 20:36:20,263 [main] [org.springframework.beans.factory.support.DefaultListableBeanFactory]-[DEBUG] Returning cached instance of singleton bean &apos;org.springframework.aop.support.DefaultBeanFactoryPointcutAdvisor#0&apos;
2019-06-17 20:36:20,263 [main] [org.springframework.beans.factory.support.DefaultListableBeanFactory]-[DEBUG] Creating shared instance of singleton bean &apos;tbContentCategoryMapper&apos;
2019-06-17 20:36:20,263 [main] [org.springframework.beans.factory.support.DefaultListableBeanFactory]-[DEBUG] Creating instance of bean &apos;tbContentCategoryMapper&apos;
2019-06-17 20:36:20,263 [main] [org.springframework.beans.factory.support.DefaultListableBeanFactory]-[DEBUG] Eagerly caching bean &apos;tbContentCategoryMapper&apos; to allow for resolving potential circular references
2019-06-17 20:36:20,263 [main] [org.springframework.beans.factory.support.DefaultListableBeanFactory]-[DEBUG] Returning cached instance of singleton bean &apos;org.springframework.aop.support.DefaultBeanFactoryPointcutAdvisor#0&apos;
2019-06-17 20:36:20,263 [main] [org.springframework.beans.factory.support.DefaultListableBeanFactory]-[DEBUG] Returning cached instance of singleton bean &apos;org.springframework.aop.support.DefaultBeanFactoryPointcutAdvisor#0&apos;
2019-06-17 20:36:20,265 [main] [org.springframework.beans.factory.support.DefaultListableBeanFactory]-[DEBUG] Returning eagerly cached instance of singleton bean &apos;tbContentCategoryMapper&apos; that is not fully initialized yet - a consequence of a circular reference
2019-06-17 20:36:20,265 [main] [org.springframework.beans.factory.support.DefaultListableBeanFactory]-[DEBUG] Returning cached instance of singleton bean &apos;org.springframework.aop.support.DefaultBeanFactoryPointcutAdvisor#0&apos;
2019-06-17 20:36:20,265 [main] [org.springframework.beans.factory.support.DefaultListableBeanFactory]-[DEBUG] Creating shared instance of singleton bean &apos;tbContentMapper&apos;
2019-06-17 20:36:20,265 [main] [org.springframework.beans.factory.support.DefaultListableBeanFactory]-[DEBUG] Creating instance of bean &apos;tbContentMapper&apos;
2019-06-17 20:36:20,265 [main] [org.springframework.beans.factory.support.DefaultListableBeanFactory]-[DEBUG] Eagerly caching bean &apos;tbContentMapper&apos; to allow for resolving potential circular references
2019-06-17 20:36:20,266 [main] [org.springframework.beans.factory.support.DefaultListableBeanFactory]-[DEBUG] Returning cached instance of singleton bean &apos;org.springframework.aop.support.DefaultBeanFactoryPointcutAdvisor#0&apos;
2019-06-17 20:36:20,266 [main] [org.springframework.beans.factory.support.DefaultListableBeanFactory]-[DEBUG] Returning cached instance of singleton bean &apos;org.springframework.aop.support.DefaultBeanFactoryPointcutAdvisor#0&apos;
2019-06-17 20:36:20,267 [main] [org.springframework.beans.factory.support.DefaultListableBeanFactory]-[DEBUG] Returning eagerly cached instance of singleton bean &apos;tbContentMapper&apos; that is not fully initialized yet - a consequence of a circular reference
2019-06-17 20:36:20,267 [main] [org.springframework.beans.factory.support.DefaultListableBeanFactory]-[DEBUG] Returning cached instance of singleton bean &apos;org.springframework.aop.support.DefaultBeanFactoryPointcutAdvisor#0&apos;
2019-06-17 20:36:20,267 [main] [org.springframework.beans.factory.support.DefaultListableBeanFactory]-[DEBUG] Creating shared instance of singleton bean &apos;tbItemCatMapper&apos;
2019-06-17 20:36:20,267 [main] [org.springframework.beans.factory.support.DefaultListableBeanFactory]-[DEBUG] Creating instance of bean &apos;tbItemCatMapper&apos;
2019-06-17 20:36:20,268 [main] [org.springframework.beans.factory.support.DefaultListableBeanFactory]-[DEBUG] Eagerly caching bean &apos;tbItemCatMapper&apos; to allow for resolving potential circular references
2019-06-17 20:36:20,268 [main] [org.springframework.beans.factory.support.DefaultListableBeanFactory]-[DEBUG] Returning cached instance of singleton bean &apos;org.springframework.aop.support.DefaultBeanFactoryPointcutAdvisor#0&apos;
2019-06-17 20:36:20,268 [main] [org.springframework.beans.factory.support.DefaultListableBeanFactory]-[DEBUG] Returning cached instance of singleton bean &apos;org.springframework.aop.support.DefaultBeanFactoryPointcutAdvisor#0&apos;
2019-06-17 20:36:20,269 [main] [org.springframework.beans.factory.support.DefaultListableBeanFactory]-[DEBUG] Returning eagerly cached instance of singleton bean &apos;tbItemCatMapper&apos; that is not fully initialized yet - a consequence of a circular reference
2019-06-17 20:36:20,269 [main] [org.springframework.beans.factory.support.DefaultListableBeanFactory]-[DEBUG] Returning cached instance of singleton bean &apos;org.springframework.aop.support.DefaultBeanFactoryPointcutAdvisor#0&apos;
2019-06-17 20:36:20,269 [main] [org.springframework.beans.factory.support.DefaultListableBeanFactory]-[DEBUG] Creating shared instance of singleton bean &apos;tbItemDescMapper&apos;
2019-06-17 20:36:20,269 [main] [org.springframework.beans.factory.support.DefaultListableBeanFactory]-[DEBUG] Creating instance of bean &apos;tbItemDescMapper&apos;
2019-06-17 20:36:20,269 [main] [org.springframework.beans.factory.support.DefaultListableBeanFactory]-[DEBUG] Eagerly caching bean &apos;tbItemDescMapper&apos; to allow for resolving potential circular references
2019-06-17 20:36:20,269 [main] [org.springframework.beans.factory.support.DefaultListableBeanFactory]-[DEBUG] Returning cached instance of singleton bean &apos;org.springframework.aop.support.DefaultBeanFactoryPointcutAdvisor#0&apos;
2019-06-17 20:36:20,269 [main] [org.springframework.beans.factory.support.DefaultListableBeanFactory]-[DEBUG] Returning cached instance of singleton bean &apos;org.springframework.aop.support.DefaultBeanFactoryPointcutAdvisor#0&apos;
2019-06-17 20:36:20,270 [main] [org.springframework.beans.factory.support.DefaultListableBeanFactory]-[DEBUG] Returning eagerly cached instance of singleton bean &apos;tbItemDescMapper&apos; that is not fully initialized yet - a consequence of a circular reference
2019-06-17 20:36:20,270 [main] [org.springframework.beans.factory.support.DefaultListableBeanFactory]-[DEBUG] Returning cached instance of singleton bean &apos;org.springframework.aop.support.DefaultBeanFactoryPointcutAdvisor#0&apos;
2019-06-17 20:36:20,270 [main] [org.springframework.beans.factory.support.DefaultListableBeanFactory]-[DEBUG] Creating shared instance of singleton bean &apos;tbItemMapper&apos;
2019-06-17 20:36:20,270 [main] [org.springframework.beans.factory.support.DefaultListableBeanFactory]-[DEBUG] Creating instance of bean &apos;tbItemMapper&apos;
2019-06-17 20:36:20,275 [main] [org.springframework.beans.factory.support.DefaultListableBeanFactory]-[DEBUG] Eagerly caching bean &apos;tbItemMapper&apos; to allow for resolving potential circular references
2019-06-17 20:36:20,275 [main] [org.springframework.beans.factory.support.DefaultListableBeanFactory]-[DEBUG] Returning cached instance of singleton bean &apos;org.springframework.aop.support.DefaultBeanFactoryPointcutAdvisor#0&apos;
2019-06-17 20:36:20,276 [main] [org.springframework.beans.factory.support.DefaultListableBeanFactory]-[DEBUG] Returning cached instance of singleton bean &apos;org.springframework.aop.support.DefaultBeanFactoryPointcutAdvisor#0&apos;
2019-06-17 20:36:20,276 [main] [org.springframework.beans.factory.support.DefaultListableBeanFactory]-[DEBUG] Returning eagerly cached instance of singleton bean &apos;tbItemMapper&apos; that is not fully initialized yet - a consequence of a circular reference
2019-06-17 20:36:20,276 [main] [org.springframework.beans.factory.support.DefaultListableBeanFactory]-[DEBUG] Returning cached instance of singleton bean &apos;org.springframework.aop.support.DefaultBeanFactoryPointcutAdvisor#0&apos;
2019-06-17 20:36:20,277 [main] [org.springframework.beans.factory.support.DefaultListableBeanFactory]-[DEBUG] Creating shared instance of singleton bean &apos;tbItemParamItemMapper&apos;
2019-06-17 20:36:20,277 [main] [org.springframework.beans.factory.support.DefaultListableBeanFactory]-[DEBUG] Creating instance of bean &apos;tbItemParamItemMapper&apos;
2019-06-17 20:36:20,277 [main] [org.springframework.beans.factory.support.DefaultListableBeanFactory]-[DEBUG] Eagerly caching bean &apos;tbItemParamItemMapper&apos; to allow for resolving potential circular references
2019-06-17 20:36:20,278 [main] [org.springframework.beans.factory.support.DefaultListableBeanFactory]-[DEBUG] Returning cached instance of singleton bean &apos;org.springframework.aop.support.DefaultBeanFactoryPointcutAdvisor#0&apos;
2019-06-17 20:36:20,278 [main] [org.springframework.beans.factory.support.DefaultListableBeanFactory]-[DEBUG] Returning cached instance of singleton bean &apos;org.springframework.aop.support.DefaultBeanFactoryPointcutAdvisor#0&apos;
2019-06-17 20:36:20,279 [main] [org.springframework.beans.factory.support.DefaultListableBeanFactory]-[DEBUG] Returning eagerly cached instance of singleton bean &apos;tbItemParamItemMapper&apos; that is not fully initialized yet - a consequence of a circular reference
2019-06-17 20:36:20,279 [main] [org.springframework.beans.factory.support.DefaultListableBeanFactory]-[DEBUG] Returning cached instance of singleton bean &apos;org.springframework.aop.support.DefaultBeanFactoryPointcutAdvisor#0&apos;
2019-06-17 20:36:20,279 [main] [org.springframework.beans.factory.support.DefaultListableBeanFactory]-[DEBUG] Creating shared instance of singleton bean &apos;tbItemParamMapper&apos;
2019-06-17 20:36:20,279 [main] [org.springframework.beans.factory.support.DefaultListableBeanFactory]-[DEBUG] Creating instance of bean &apos;tbItemParamMapper&apos;
2019-06-17 20:36:20,280 [main] [org.springframework.beans.factory.support.DefaultListableBeanFactory]-[DEBUG] Eagerly caching bean &apos;tbItemParamMapper&apos; to allow for resolving potential circular references
2019-06-17 20:36:20,280 [main] [org.springframework.beans.factory.support.DefaultListableBeanFactory]-[DEBUG] Returning cached instance of singleton bean &apos;org.springframework.aop.support.DefaultBeanFactoryPointcutAdvisor#0&apos;
2019-06-17 20:36:20,280 [main] [org.springframework.beans.factory.support.DefaultListableBeanFactory]-[DEBUG] Returning cached instance of singleton bean &apos;org.springframework.aop.support.DefaultBeanFactoryPointcutAdvisor#0&apos;
2019-06-17 20:36:20,281 [main] [org.springframework.beans.factory.support.DefaultListableBeanFactory]-[DEBUG] Returning eagerly cached instance of singleton bean &apos;tbItemParamMapper&apos; that is not fully initialized yet - a consequence of a circular reference
2019-06-17 20:36:20,281 [main] [org.springframework.beans.factory.support.DefaultListableBeanFactory]-[DEBUG] Returning cached instance of singleton bean &apos;org.springframework.aop.support.DefaultBeanFactoryPointcutAdvisor#0&apos;
2019-06-17 20:36:20,281 [main] [org.springframework.beans.factory.support.DefaultListableBeanFactory]-[DEBUG] Creating shared instance of singleton bean &apos;tbOrderItemMapper&apos;
2019-06-17 20:36:20,282 [main] [org.springframework.beans.factory.support.DefaultListableBeanFactory]-[DEBUG] Creating instance of bean &apos;tbOrderItemMapper&apos;
2019-06-17 20:36:20,282 [main] [org.springframework.beans.factory.support.DefaultListableBeanFactory]-[DEBUG] Eagerly caching bean &apos;tbOrderItemMapper&apos; to allow for resolving potential circular references
2019-06-17 20:36:20,283 [main] [org.springframework.beans.factory.support.DefaultListableBeanFactory]-[DEBUG] Returning cached instance of singleton bean &apos;org.springframework.aop.support.DefaultBeanFactoryPointcutAdvisor#0&apos;
2019-06-17 20:36:20,283 [main] [org.springframework.beans.factory.support.DefaultListableBeanFactory]-[DEBUG] Returning cached instance of singleton bean &apos;org.springframework.aop.support.DefaultBeanFactoryPointcutAdvisor#0&apos;
[...]
2019-06-17 20:36:21,029 [main] [org.springframework.beans.factory.annotation.InjectionMetadata]-[DEBUG] Registered injected element on class [com.taotao.rest.service.impl.ItemServiceImpl]: AutowiredFieldElement for private com.taotao.mapper.TbItemParamItemMapper com.taotao.rest.service.impl.ItemServiceImpl.itemParamItemMapper
2019-06-17 20:36:21,030 [main] [org.springframework.beans.factory.annotation.InjectionMetadata]-[DEBUG] Registered injected element on class [com.taotao.rest.service.impl.ItemServiceImpl]: AutowiredFieldElement for private java.lang.String com.taotao.rest.service.impl.ItemServiceImpl.REDIS_ITEM_KEY
2019-06-17 20:36:21,030 [main] [org.springframework.beans.factory.annotation.InjectionMetadata]-[DEBUG] Registered injected element on class [com.taotao.rest.service.impl.ItemServiceImpl]: AutowiredFieldElement for private java.lang.Integer com.taotao.rest.service.impl.ItemServiceImpl.REDIS_ITEM_EXPIRE
2019-06-17 20:36:21,030 [main] [org.springframework.beans.factory.annotation.InjectionMetadata]-[DEBUG] Registered injected element on class [com.taotao.rest.service.impl.ItemServiceImpl]: AutowiredFieldElement for private com.taotao.rest.dao.JedisClient com.taotao.rest.service.impl.ItemServiceImpl.jedisClient
2019-06-17 20:36:21,030 [main] [org.springframework.beans.factory.support.DefaultListableBeanFactory]-[DEBUG] Eagerly caching bean &apos;itemServiceImpl&apos; to allow for resolving potential circular references
2019-06-17 20:36:21,030 [main] [org.springframework.beans.factory.annotation.InjectionMetadata]-[DEBUG] Processing injected method of bean &apos;itemServiceImpl&apos;: AutowiredFieldElement for private com.taotao.mapper.TbItemMapper com.taotao.rest.service.impl.ItemServiceImpl.itemMapper
2019-06-17 20:36:21,031 [main] [org.springframework.beans.factory.support.DefaultListableBeanFactory]-[DEBUG] Returning cached instance of singleton bean &apos;tbItemMapper&apos;
2019-06-17 20:36:21,031 [main] [org.springframework.beans.factory.support.DefaultListableBeanFactory]-[DEBUG] Returning cached instance of singleton bean &apos;org.springframework.aop.support.DefaultBeanFactoryPointcutAdvisor#0&apos;
2019-06-17 20:36:21,031 [main] [org.springframework.beans.factory.support.DefaultListableBeanFactory]-[DEBUG] Returning cached instance of singleton bean &apos;org.springframework.aop.support.DefaultBeanFactoryPointcutAdvisor#0&apos;
2019-06-17 20:36:21,034 [main] [org.springframework.beans.factory.annotation.AutowiredAnnotationBeanPostProcessor]-[DEBUG] Autowiring by type from bean name &apos;itemServiceImpl&apos; to bean named &apos;tbItemMapper&apos;
2019-06-17 20:36:21,034 [main] [org.springframework.beans.factory.annotation.InjectionMetadata]-[DEBUG] Processing injected method of bean &apos;itemServiceImpl&apos;: AutowiredFieldElement for private com.taotao.mapper.TbItemDescMapper com.taotao.rest.service.impl.ItemServiceImpl.itemDescMapper
2019-06-17 20:36:21,037 [main] [org.springframework.beans.factory.support.DefaultListableBeanFactory]-[DEBUG] Returning cached instance of singleton bean &apos;tbItemDescMapper&apos;
2019-06-17 20:36:21,037 [main] [org.springframework.beans.factory.support.DefaultListableBeanFactory]-[DEBUG] Returning cached instance of singleton bean &apos;org.springframework.aop.support.DefaultBeanFactoryPointcutAdvisor#0&apos;
2019-06-17 20:36:21,038 [main] [org.springframework.beans.factory.support.DefaultListableBeanFactory]-[DEBUG] Returning cached instance of singleton bean &apos;org.springframework.aop.support.DefaultBeanFactoryPointcutAdvisor#0&apos;
2019-06-17 20:36:21,040 [main] [org.springframework.beans.factory.annotation.AutowiredAnnotationBeanPostProcessor]-[DEBUG] Autowiring by type from bean name &apos;itemServiceImpl&apos; to bean named &apos;tbItemDescMapper&apos;
2019-06-17 20:36:21,042 [main] [org.springframework.beans.factory.annotation.InjectionMetadata]-[DEBUG] Processing injected method of bean &apos;itemServiceImpl&apos;: AutowiredFieldElement for private com.taotao.mapper.TbItemParamItemMapper com.taotao.rest.service.impl.ItemServiceImpl.itemParamItemMapper
2019-06-17 20:36:21,043 [main] [org.springframework.beans.factory.support.DefaultListableBeanFactory]-[DEBUG] Returning cached instance of singleton bean &apos;tbItemParamItemMapper&apos;
2019-06-17 20:36:21,043 [main] [org.springframework.beans.factory.support.DefaultListableBeanFactory]-[DEBUG] Returning cached instance of singleton bean &apos;org.springframework.aop.support.DefaultBeanFactoryPointcutAdvisor#0&apos;
2019-06-17 20:36:21,043 [main] [org.springframework.beans.factory.support.DefaultListableBeanFactory]-[DEBUG] Returning cached instance of singleton bean &apos;org.springframework.aop.support.DefaultBeanFactoryPointcutAdvisor#0&apos;
2019-06-17 20:36:21,045 [main] [org.springframework.beans.factory.annotation.AutowiredAnnotationBeanPostProcessor]-[DEBUG] Autowiring by type from bean name &apos;itemServiceImpl&apos; to bean named &apos;tbItemParamItemMapper&apos;
2019-06-17 20:36:21,045 [main] [org.springframework.beans.factory.annotation.InjectionMetadata]-[DEBUG] Processing injected method of bean &apos;itemServiceImpl&apos;: AutowiredFieldElement for private java.lang.String com.taotao.rest.service.impl.ItemServiceImpl.REDIS_ITEM_KEY
2019-06-17 20:36:21,047 [main] [org.springframework.core.env.PropertySourcesPropertyResolver]-[DEBUG] Searching for key &apos;REDIS_ITEM_KEY&apos; in [environmentProperties]
2019-06-17 20:36:21,047 [main] [org.springframework.core.env.PropertySourcesPropertyResolver]-[DEBUG] Searching for key &apos;REDIS_ITEM_KEY&apos; in [systemProperties]
2019-06-17 20:36:21,048 [main] [org.springframework.core.env.PropertySourcesPropertyResolver]-[DEBUG] Searching for key &apos;REDIS_ITEM_KEY&apos; in [systemEnvironment]
2019-06-17 20:36:21,049 [main] [org.springframework.core.env.PropertySourcesPropertyResolver]-[DEBUG] Could not find key &apos;REDIS_ITEM_KEY&apos; in any property source. Returning [null]
2019-06-17 20:36:21,050 [main] [org.springframework.core.env.PropertySourcesPropertyResolver]-[DEBUG] Searching for key &apos;REDIS_ITEM_KEY&apos; in [localProperties]
2019-06-17 20:36:21,054 [main] [org.springframework.core.env.PropertySourcesPropertyResolver]-[DEBUG] Found key &apos;REDIS_ITEM_KEY&apos; in [localProperties] with type [String] and value &apos;REDIS_ITEM_KEY&apos;
2019-06-17 20:36:21,056 [main] [org.springframework.beans.factory.annotation.InjectionMetadata]-[DEBUG] Processing injected method of bean &apos;itemServiceImpl&apos;: AutowiredFieldElement for private java.lang.Integer com.taotao.rest.service.impl.ItemServiceImpl.REDIS_ITEM_EXPIRE
2019-06-17 20:36:21,057 [main] [org.springframework.core.env.PropertySourcesPropertyResolver]-[DEBUG] Searching for key &apos;REDIS_ITEM_EXPIRE&apos; in [environmentProperties]
2019-06-17 20:36:21,057 [main] [org.springframework.core.env.PropertySourcesPropertyResolver]-[DEBUG] Searching for key &apos;REDIS_ITEM_EXPIRE&apos; in [systemProperties]
2019-06-17 20:36:21,057 [main] [org.springframework.core.env.PropertySourcesPropertyResolver]-[DEBUG] Searching for key &apos;REDIS_ITEM_EXPIRE&apos; in [systemEnvironment]
2019-06-17 20:36:21,057 [main] [org.springframework.core.env.PropertySourcesPropertyResolver]-[DEBUG] Could not find key &apos;REDIS_ITEM_EXPIRE&apos; in any property source. Returning [null]
2019-06-17 20:36:21,058 [main] [org.springframework.core.env.PropertySourcesPropertyResolver]-[DEBUG] Searching for key &apos;REDIS_ITEM_EXPIRE&apos; in [localProperties]
2019-06-17 20:36:21,058 [main] [org.springframework.core.env.PropertySourcesPropertyResolver]-[DEBUG] Found key &apos;REDIS_ITEM_EXPIRE&apos; in [localProperties] with type [String] and value &apos;86400&apos;
2019-06-17 20:36:21,058 [main] [org.springframework.beans.factory.annotation.InjectionMetadata]-[DEBUG] Processing injected method of bean &apos;itemServiceImpl&apos;: AutowiredFieldElement for private com.taotao.rest.dao.JedisClient com.taotao.rest.service.impl.ItemServiceImpl.jedisClient
2019-06-17 20:36:21,058 [main] [org.springframework.beans.factory.support.DefaultListableBeanFactory]-[DEBUG] Returning cached instance of singleton bean &apos;jedisClient&apos;
2019-06-17 20:36:21,059 [main] [org.springframework.beans.factory.annotation.AutowiredAnnotationBeanPostProcessor]-[DEBUG] Autowiring by type from bean name &apos;itemServiceImpl&apos; to bean named &apos;jedisClient&apos;
2019-06-17 20:36:21,059 [main] [org.springframework.beans.factory.support.DefaultListableBeanFactory]-[DEBUG] Returning cached instance of singleton bean &apos;org.springframework.aop.support.DefaultBeanFactoryPointcutAdvisor#0&apos;
2019-06-17 20:36:21,059 [main] [org.springframework.beans.factory.support.DefaultListableBeanFactory]-[DEBUG] Returning cached instance of singleton bean &apos;org.springframework.aop.support.DefaultBeanFactoryPointcutAdvisor#0&apos;
2019-06-17 20:36:21,060 [main] [org.springframework.aop.aspectj.autoproxy.AspectJAwareAdvisorAutoProxyCreator]-[DEBUG] Creating implicit proxy for bean &apos;itemServiceImpl&apos; with 0 common interceptors and 2 specific interceptors
2019-06-17 20:36:21,060 [main] [org.springframework.aop.framework.JdkDynamicAopProxy]-[DEBUG] Creating JDK dynamic proxy: target source is SingletonTargetSource for target object [com.taotao.rest.service.impl.ItemServiceImpl@5dcb4f5f]
2019-06-17 20:36:21,060 [main] [org.springframework.beans.factory.support.DefaultListableBeanFactory]-[DEBUG] Finished creating instance of bean &apos;itemServiceImpl&apos;
2019-06-17 20:36:21,060 [main] [org.springframework.beans.factory.support.DefaultListableBeanFactory]-[DEBUG] Creating shared instance of singleton bean &apos;redisServiceImpl&apos;
2019-06-17 20:36:21,061 [main] [org.springframework.beans.factory.support.DefaultListableBeanFactory]-[DEBUG] Creating instance of bean &apos;redisServiceImpl&apos;
2019-06-17 20:36:21,061 [main] [org.springframework.beans.factory.support.DefaultListableBeanFactory]-[DEBUG] Returning cached instance of singleton bean &apos;org.springframework.aop.support.DefaultBeanFactoryPointcutAdvisor#0&apos;
2019-06-17 20:36:21,061 [main] [org.springframework.beans.factory.annotation.InjectionMetadata]-[DEBUG] Registered injected element on class [com.taotao.rest.service.impl.RedisServiceImpl]: AutowiredFieldElement for private com.taotao.rest.dao.JedisClient com.taotao.rest.service.impl.RedisServiceImpl.jedisClient
2019-06-17 20:36:21,062 [main] [org.springframework.beans.factory.annotation.InjectionMetadata]-[DEBUG] Registered injected element on class [com.taotao.rest.service.impl.RedisServiceImpl]: AutowiredFieldElement for private java.lang.String com.taotao.rest.service.impl.RedisServiceImpl.INDEX_CONTENT_REDIS_KEY
2019-06-17 20:36:21,062 [main] [org.springframework.beans.factory.support.DefaultListableBeanFactory]-[DEBUG] Eagerly caching bean &apos;redisServiceImpl&apos; to allow for resolving potential circular references
2019-06-17 20:36:21,062 [main] [org.springframework.beans.factory.annotation.InjectionMetadata]-[DEBUG] Processing injected method of bean &apos;redisServiceImpl&apos;: AutowiredFieldElement for private com.taotao.rest.dao.JedisClient com.taotao.rest.service.impl.RedisServiceImpl.jedisClient
2019-06-17 20:36:21,063 [main] [org.springframework.beans.factory.support.DefaultListableBeanFactory]-[DEBUG] Returning cached instance of singleton bean &apos;jedisClient&apos;
2019-06-17 20:36:21,063 [main] [org.springframework.beans.factory.annotation.AutowiredAnnotationBeanPostProcessor]-[DEBUG] Autowiring by type from bean name &apos;redisServiceImpl&apos; to bean named &apos;jedisClient&apos;
2019-06-17 20:36:21,063 [main] [org.springframework.beans.factory.annotation.InjectionMetadata]-[DEBUG] Processing injected method of bean &apos;redisServiceImpl&apos;: AutowiredFieldElement for private java.lang.String com.taotao.rest.service.impl.RedisServiceImpl.INDEX_CONTENT_REDIS_KEY
2019-06-17 20:36:21,064 [main] [org.springframework.core.env.PropertySourcesPropertyResolver]-[DEBUG] Searching for key &apos;INDEX_CONTENT_REDIS_KEY&apos; in [environmentProperties]
2019-06-17 20:36:21,065 [main] [org.springframework.core.env.PropertySourcesPropertyResolver]-[DEBUG] Searching for key &apos;INDEX_CONTENT_REDIS_KEY&apos; in [systemProperties]
2019-06-17 20:36:21,065 [main] [org.springframework.core.env.PropertySourcesPropertyResolver]-[DEBUG] Searching for key &apos;INDEX_CONTENT_REDIS_KEY&apos; in [systemEnvironment]
2019-06-17 20:36:21,065 [main] [org.springframework.core.env.PropertySourcesPropertyResolver]-[DEBUG] Could not find key &apos;INDEX_CONTENT_REDIS_KEY&apos; in any property source. Returning [null]
2019-06-17 20:36:21,065 [main] [org.springframework.core.env.PropertySourcesPropertyResolver]-[DEBUG] Searching for key &apos;INDEX_CONTENT_REDIS_KEY&apos; in [localProperties]
2019-06-17 20:36:21,066 [main] [org.springframework.core.env.PropertySourcesPropertyResolver]-[DEBUG] Found key &apos;INDEX_CONTENT_REDIS_KEY&apos; in [localProperties] with type [String] and value &apos;INDEX_CONTENT_REDIS_KEY&apos;
2019-06-17 20:36:21,067 [main] [org.springframework.beans.factory.support.DefaultListableBeanFactory]-[DEBUG] Returning cached instance of singleton bean &apos;org.springframework.aop.support.DefaultBeanFactoryPointcutAdvisor#0&apos;
2019-06-17 20:36:21,067 [main] [org.springframework.beans.factory.support.DefaultListableBeanFactory]-[DEBUG] Returning cached instance of singleton bean &apos;org.springframework.aop.support.DefaultBeanFactoryPointcutAdvisor#0&apos;
2019-06-17 20:36:21,067 [main] [org.springframework.aop.aspectj.autoproxy.AspectJAwareAdvisorAutoProxyCreator]-[DEBUG] Creating implicit proxy for bean &apos;redisServiceImpl&apos; with 0 common interceptors and 2 specific interceptors
2019-06-17 20:36:21,068 [main] [org.springframework.aop.framework.JdkDynamicAopProxy]-[DEBUG] Creating JDK dynamic proxy: target source is SingletonTargetSource for target object [com.taotao.rest.service.impl.RedisServiceImpl@16ce702d]
2019-06-17 20:36:21,068 [main] [org.springframework.beans.factory.support.DefaultListableBeanFactory]-[DEBUG] Finished creating instance of bean &apos;redisServiceImpl&apos;
2019-06-17 20:36:21,068 [main] [org.springframework.beans.factory.support.DefaultListableBeanFactory]-[DEBUG] Returning cached instance of singleton bean &apos;org.springframework.context.annotation.internalConfigurationAnnotationProcessor&apos;
2019-06-17 20:36:21,068 [main] [org.springframework.beans.factory.support.DefaultListableBeanFactory]-[DEBUG] Returning cached instance of singleton bean &apos;org.springframework.context.annotation.internalAutowiredAnnotationProcessor&apos;
2019-06-17 20:36:21,068 [main] [org.springframework.beans.factory.support.DefaultListableBeanFactory]-[DEBUG] Returning cached instance of singleton bean &apos;org.springframework.context.annotation.internalRequiredAnnotationProcessor&apos;
2019-06-17 20:36:21,074 [main] [org.springframework.beans.factory.support.DefaultListableBeanFactory]-[DEBUG] Returning cached instance of singleton bean &apos;org.springframework.context.annotation.internalCommonAnnotationProcessor&apos;
2019-06-17 20:36:21,075 [main] [org.springframework.beans.factory.support.DefaultListableBeanFactory]-[DEBUG] Returning cached instance of singleton bean &apos;transactionManager&apos;
2019-06-17 20:36:21,075 [main] [org.springframework.beans.factory.support.DefaultListableBeanFactory]-[DEBUG] Returning cached instance of singleton bean &apos;txAdvice&apos;
2019-06-17 20:36:21,075 [main] [org.springframework.beans.factory.support.DefaultListableBeanFactory]-[DEBUG] Returning cached instance of singleton bean &apos;org.springframework.aop.config.internalAutoProxyCreator&apos;
2019-06-17 20:36:21,075 [main] [org.springframework.beans.factory.support.DefaultListableBeanFactory]-[DEBUG] Returning cached instance of singleton bean &apos;org.springframework.aop.support.DefaultBeanFactoryPointcutAdvisor#0&apos;
2019-06-17 20:36:21,075 [main] [org.springframework.beans.factory.support.DefaultListableBeanFactory]-[DEBUG] Returning cached instance of singleton bean &apos;org.springframework.context.annotation.ConfigurationClassPostProcessor.importAwareProcessor&apos;
2019-06-17 20:36:21,075 [main] [org.springframework.beans.factory.support.DefaultListableBeanFactory]-[DEBUG] Returning cached instance of singleton bean &apos;org.springframework.context.annotation.ConfigurationClassPostProcessor.enhancedConfigurationProcessor&apos;
2019-06-17 20:36:21,076 [main] [org.springframework.beans.factory.support.DefaultListableBeanFactory]-[DEBUG] Returning cached instance of singleton bean &apos;tbContentCategoryMapper&apos;
2019-06-17 20:36:21,076 [main] [org.springframework.beans.factory.support.DefaultListableBeanFactory]-[DEBUG] Returning cached instance of singleton bean &apos;tbContentMapper&apos;
2019-06-17 20:36:21,076 [main] [org.springframework.beans.factory.support.DefaultListableBeanFactory]-[DEBUG] Returning cached instance of singleton bean &apos;tbItemCatMapper&apos;
2019-06-17 20:36:21,076 [main] [org.springframework.beans.factory.support.DefaultListableBeanFactory]-[DEBUG] Returning cached instance of singleton bean &apos;tbItemDescMapper&apos;
2019-06-17 20:36:21,076 [main] [org.springframework.beans.factory.support.DefaultListableBeanFactory]-[DEBUG] Returning cached instance of singleton bean &apos;tbItemMapper&apos;
2019-06-17 20:36:21,076 [main] [org.springframework.beans.factory.support.DefaultListableBeanFactory]-[DEBUG] Returning cached instance of singleton bean &apos;tbItemParamItemMapper&apos;
2019-06-17 20:36:21,076 [main] [org.springframework.beans.factory.support.DefaultListableBeanFactory]-[DEBUG] Returning cached instance of singleton bean &apos;tbItemParamMapper&apos;
2019-06-17 20:36:21,077 [main] [org.springframework.beans.factory.support.DefaultListableBeanFactory]-[DEBUG] Returning cached instance of singleton bean &apos;tbOrderItemMapper&apos;
2019-06-17 20:36:21,077 [main] [org.springframework.beans.factory.support.DefaultListableBeanFactory]-[DEBUG] Returning cached instance of singleton bean &apos;tbOrderMapper&apos;
2019-06-17 20:36:21,077 [main] [org.springframework.beans.factory.support.DefaultListableBeanFactory]-[DEBUG] Returning cached instance of singleton bean &apos;tbOrderShippingMapper&apos;
2019-06-17 20:36:21,077 [main] [org.springframework.beans.factory.support.DefaultListableBeanFactory]-[DEBUG] Returning cached instance of singleton bean &apos;tbUserMapper&apos;
2019-06-17 20:36:21,077 [main] [org.springframework.context.support.ClassPathXmlApplicationContext]-[DEBUG] Unable to locate LifecycleProcessor with name &apos;lifecycleProcessor&apos;: using default [org.springframework.context.support.DefaultLifecycleProcessor@7b94089b]
2019-06-17 20:36:21,078 [main] [org.springframework.beans.factory.support.DefaultListableBeanFactory]-[DEBUG] Returning cached instance of singleton bean &apos;lifecycleProcessor&apos;
2019-06-17 20:36:21,078 [main] [org.springframework.beans.factory.support.DefaultListableBeanFactory]-[DEBUG] Returning cached instance of singleton bean &apos;sqlSessionFactory&apos;
2019-06-17 20:36:21,079 [main] [org.springframework.core.env.PropertySourcesPropertyResolver]-[DEBUG] Searching for key &apos;spring.liveBeansView.mbeanDomain&apos; in [systemProperties]
2019-06-17 20:36:21,079 [main] [org.springframework.core.env.PropertySourcesPropertyResolver]-[DEBUG] Searching for key &apos;spring.liveBeansView.mbeanDomain&apos; in [systemEnvironment]
2019-06-17 20:36:21,079 [main] [org.springframework.core.env.PropertySourcesPropertyResolver]-[DEBUG] Could not find key &apos;spring.liveBeansView.mbeanDomain&apos; in any property source. Returning [null]
2019-06-17 20:36:21,079 [main] [org.springframework.beans.factory.support.DefaultListableBeanFactory]-[DEBUG] Returning cached instance of singleton bean &apos;redisClient&apos;
</system-out>
  </testcase>
</testsuite>